{"meta": {"format": 3, "version": "7.13.4", "timestamp": "2026-02-17T15:22:28.471852", "branch_coverage": false, "show_contexts": false}, "files": {"src\\collector\\__init__.py": {"executed_lines": [3, 5, 6, 7, 9, 11, 12, 13, 14, 16, 18, 21, 23, 25, 26, 28, 29, 30, 32, 34, 36, 38, 39, 40, 41, 43, 44, 46, 48, 53, 55, 56, 62, 63, 65, 67, 68, 69, 71, 72, 80, 81, 82, 83, 84, 85, 87, 89, 91, 92, 93, 96, 97, 98, 100, 101, 104, 114, 120], "summary": {"covered_lines": 59, "num_statements": 73, "percent_covered": 80.82191780821918, "percent_covered_display": "81", "missing_lines": 14, "excluded_lines": 0, "percent_statements_covered": 80.82191780821918, "percent_statements_covered_display": "81"}, "missing_lines": [49, 51, 58, 60, 74, 76, 77, 78, 106, 107, 108, 116, 117, 122], "excluded_lines": [], "functions": {"create_app": {"executed_lines": [23, 25, 26, 28, 29, 30, 32, 34, 36, 38, 39, 40, 41, 43, 44, 55, 56, 62, 63, 71, 72, 80, 81, 82, 83, 84, 85, 87, 89, 91, 92, 93, 96, 97, 98, 100, 101], "summary": {"covered_lines": 37, "num_statements": 37, "percent_covered": 100.0, "percent_covered_display": "100", "missing_lines": 0, "excluded_lines": 0, "percent_statements_covered": 100.0, "percent_statements_covered_display": "100"}, "missing_lines": [], "excluded_lines": [], "start_line": 21}, "create_app.before_request": {"executed_lines": [46, 48, 53], "summary": {"covered_lines": 3, "num_statements": 5, "percent_covered": 60.0, "percent_covered_display": "60", "missing_lines": 2, "excluded_lines": 0, "percent_statements_covered": 60.0, "percent_statements_covered_display": "60"}, "missing_lines": [49, 51], "excluded_lines": [], "start_line": 44}, "create_app.inject_csrf_token": {"executed_lines": [], "summary": {"covered_lines": 0, "num_statements": 2, "percent_covered": 0.0, "percent_covered_display": "0", "missing_lines": 2, "excluded_lines": 0, "percent_statements_covered": 0.0, "percent_statements_covered_display": "0"}, "missing_lines": [58, 60], "excluded_lines": [], "start_line": 56}, "create_app.not_found": {"executed_lines": [65, 67, 68, 69], "summary": {"covered_lines": 4, "num_statements": 4, "percent_covered": 100.0, "percent_covered_display": "100", "missing_lines": 0, "excluded_lines": 0, "percent_statements_covered": 100.0, "percent_statements_covered_display": "100"}, "missing_lines": [], "excluded_lines": [], "start_line": 63}, "create_app.server_error": {"executed_lines": [], "summary": {"covered_lines": 0, "num_statements": 4, "percent_covered": 0.0, "percent_covered_display": "0", "missing_lines": 4, "excluded_lines": 0, "percent_statements_covered": 0.0, "percent_statements_covered_display": "0"}, "missing_lines": [74, 76, 77, 78], "excluded_lines": [], "start_line": 72}, "signal_handler": {"executed_lines": [], "summary": {"covered_lines": 0, "num_statements": 3, "percent_covered": 0.0, "percent_covered_display": "0", "missing_lines": 3, "excluded_lines": 0, "percent_statements_covered": 0.0, "percent_statements_covered_display": "0"}, "missing_lines": [106, 107, 108], "excluded_lines": [], "start_line": 104}, "register_signal_handlers": {"executed_lines": [], "summary": {"covered_lines": 0, "num_statements": 2, "percent_covered": 0.0, "percent_covered_display": "0", "missing_lines": 2, "excluded_lines": 0, "percent_statements_covered": 0.0, "percent_statements_covered_display": "0"}, "missing_lines": [116, 117], "excluded_lines": [], "start_line": 114}, "get_shutdown_event": {"executed_lines": [], "summary": {"covered_lines": 0, "num_statements": 1, "percent_covered": 0.0, "percent_covered_display": "0", "missing_lines": 1, "excluded_lines": 0, "percent_statements_covered": 0.0, "percent_statements_covered_display": "0"}, "missing_lines": [122], "excluded_lines": [], "start_line": 120}, "": {"executed_lines": [3, 5, 6, 7, 9, 11, 12, 13, 14, 16, 18, 21, 104, 114, 120], "summary": {"covered_lines": 15, "num_statements": 15, "percent_covered": 100.0, "percent_covered_display": "100", "missing_lines": 0, "excluded_lines": 0, "percent_statements_covered": 100.0, "percent_statements_covered_display": "100"}, "missing_lines": [], "excluded_lines": [], "start_line": 1}}, "classes": {"": {"executed_lines": [3, 5, 6, 7, 9, 11, 12, 13, 14, 16, 18, 21, 23, 25, 26, 28, 29, 30, 32, 34, 36, 38, 39, 40, 41, 43, 44, 46, 48, 53, 55, 56, 62, 63, 65, 67, 68, 69, 71, 72, 80, 81, 82, 83, 84, 85, 87, 89, 91, 92, 93, 96, 97, 98, 100, 101, 104, 114, 120], "summary": {"covered_lines": 59, "num_statements": 73, "percent_covered": 80.82191780821918, "percent_covered_display": "81", "missing_lines": 14, "excluded_lines": 0, "percent_statements_covered": 80.82191780821918, "percent_statements_covered_display": "81"}, "missing_lines": [49, 51, 58, 60, 74, 76, 77, 78, 106, 107, 108, 116, 117, 122], "excluded_lines": [], "start_line": 1}}}, "src\\collector\\__main__.py": {"executed_lines": [], "summary": {"covered_lines": 0, "num_statements": 5, "percent_covered": 0.0, "percent_covered_display": "0", "missing_lines": 5, "excluded_lines": 0, "percent_statements_covered": 0.0, "percent_statements_covered_display": "0"}, "missing_lines": [3, 5, 7, 9, 10], "excluded_lines": [], "functions": {"": {"executed_lines": [], "summary": {"covered_lines": 0, "num_statements": 5, "percent_covered": 0.0, "percent_covered_display": "0", "missing_lines": 5, "excluded_lines": 0, "percent_statements_covered": 0.0, "percent_statements_covered_display": "0"}, "missing_lines": [3, 5, 7, 9, 10], "excluded_lines": [], "start_line": 1}}, "classes": {"": {"executed_lines": [], "summary": {"covered_lines": 0, "num_statements": 5, "percent_covered": 0.0, "percent_covered_display": "0", "missing_lines": 5, "excluded_lines": 0, "percent_statements_covered": 0.0, "percent_statements_covered_display": "0"}, "missing_lines": [3, 5, 7, 9, 10], "excluded_lines": [], "start_line": 1}}}, "src\\collector\\config\\__init__.py": {"executed_lines": [7, 8, 27], "summary": {"covered_lines": 3, "num_statements": 3, "percent_covered": 100.0, "percent_covered_display": "100", "missing_lines": 0, "excluded_lines": 0, "percent_statements_covered": 100.0, "percent_statements_covered_display": "100"}, "missing_lines": [], "excluded_lines": [], "functions": {"": {"executed_lines": [7, 8, 27], "summary": {"covered_lines": 3, "num_statements": 3, "percent_covered": 100.0, "percent_covered_display": "100", "missing_lines": 0, "excluded_lines": 0, "percent_statements_covered": 100.0, "percent_statements_covered_display": "100"}, "missing_lines": [], "excluded_lines": [], "start_line": 1}}, "classes": {"": {"executed_lines": [7, 8, 27], "summary": {"covered_lines": 3, "num_statements": 3, "percent_covered": 100.0, "percent_covered_display": "100", "missing_lines": 0, "excluded_lines": 0, "percent_statements_covered": 100.0, "percent_statements_covered_display": "100"}, "missing_lines": [], "excluded_lines": [], "start_line": 1}}}, "src\\collector\\config\\database.py": {"executed_lines": [7, 9, 10, 11, 12, 13, 14, 16, 18, 19, 22, 25, 31, 32, 34, 36, 37, 39, 40, 46, 47, 48, 49, 51, 53, 63, 64, 65, 67, 82, 97, 132, 140, 142, 143, 144, 147, 152, 155, 157, 158, 160, 162, 164, 170, 171, 173, 174, 175, 176, 180, 182, 183, 185, 191, 194, 195, 196, 198, 199, 200, 201, 204, 206, 208, 217, 218, 224, 226, 232, 241, 242, 243, 244, 253, 254, 255, 256, 257, 258, 260, 261, 263, 266, 284, 290, 291], "summary": {"covered_lines": 87, "num_statements": 126, "percent_covered": 69.04761904761905, "percent_covered_display": "69", "missing_lines": 39, "excluded_lines": 0, "percent_statements_covered": 69.04761904761905, "percent_statements_covered_display": "69"}, "missing_lines": [77, 78, 79, 80, 92, 93, 94, 95, 103, 105, 106, 107, 108, 110, 111, 113, 114, 115, 117, 122, 124, 125, 126, 127, 129, 130, 177, 178, 229, 246, 247, 275, 276, 277, 278, 279, 280, 281, 292], "excluded_lines": [], "functions": {"DatabaseConfig.__init__": {"executed_lines": [31, 32], "summary": {"covered_lines": 2, "num_statements": 2, "percent_covered": 100.0, "percent_covered_display": "100", "missing_lines": 0, "excluded_lines": 0, "percent_statements_covered": 100.0, "percent_statements_covered_display": "100"}, "missing_lines": [], "excluded_lines": [], "start_line": 25}, "DatabaseConfig._ensure_db_directory": {"executed_lines": [36, 37], "summary": {"covered_lines": 2, "num_statements": 2, "percent_covered": 100.0, "percent_covered_display": "100", "missing_lines": 0, "excluded_lines": 0, "percent_statements_covered": 100.0, "percent_statements_covered_display": "100"}, "missing_lines": [], "excluded_lines": [], "start_line": 34}, "DatabaseConfig.get_connection": {"executed_lines": [46, 47, 48, 49, 51], "summary": {"covered_lines": 5, "num_statements": 5, "percent_covered": 100.0, "percent_covered_display": "100", "missing_lines": 0, "excluded_lines": 0, "percent_statements_covered": 100.0, "percent_statements_covered_display": "100"}, "missing_lines": [], "excluded_lines": [], "start_line": 40}, "DatabaseConfig.execute_query": {"executed_lines": [63, 64, 65], "summary": {"covered_lines": 3, "num_statements": 3, "percent_covered": 100.0, "percent_covered_display": "100", "missing_lines": 0, "excluded_lines": 0, "percent_statements_covered": 100.0, "percent_statements_covered_display": "100"}, "missing_lines": [], "excluded_lines": [], "start_line": 53}, "DatabaseConfig.execute_update": {"executed_lines": [], "summary": {"covered_lines": 0, "num_statements": 4, "percent_covered": 0.0, "percent_covered_display": "0", "missing_lines": 4, "excluded_lines": 0, "percent_statements_covered": 0.0, "percent_statements_covered_display": "0"}, "missing_lines": [77, 78, 79, 80], "excluded_lines": [], "start_line": 67}, "DatabaseConfig.execute_many": {"executed_lines": [], "summary": {"covered_lines": 0, "num_statements": 4, "percent_covered": 0.0, "percent_covered_display": "0", "missing_lines": 4, "excluded_lines": 0, "percent_statements_covered": 0.0, "percent_statements_covered_display": "0"}, "missing_lines": [92, 93, 94, 95], "excluded_lines": [], "start_line": 82}, "DatabaseConfig.create_indexes": {"executed_lines": [], "summary": {"covered_lines": 0, "num_statements": 18, "percent_covered": 0.0, "percent_covered_display": "0", "missing_lines": 18, "excluded_lines": 0, "percent_statements_covered": 0.0, "percent_statements_covered_display": "0"}, "missing_lines": [103, 105, 106, 107, 108, 110, 111, 113, 114, 115, 117, 122, 124, 125, 126, 127, 129, 130], "excluded_lines": [], "start_line": 97}, "DatabaseConfig.ensure_indexes": {"executed_lines": [140, 142, 143, 144, 147, 152, 155, 157, 158, 160, 162, 164, 170, 171, 173, 174, 175, 176, 180, 182, 183], "summary": {"covered_lines": 21, "num_statements": 23, "percent_covered": 91.30434782608695, "percent_covered_display": "91", "missing_lines": 2, "excluded_lines": 0, "percent_statements_covered": 91.30434782608695, "percent_statements_covered_display": "91"}, "missing_lines": [177, 178], "excluded_lines": [], "start_line": 132}, "DatabaseConfig.initialize_schema": {"executed_lines": [191, 194, 195, 196, 198, 199, 200, 201, 204, 206], "summary": {"covered_lines": 10, "num_statements": 10, "percent_covered": 100.0, "percent_covered_display": "100", "missing_lines": 0, "excluded_lines": 0, "percent_statements_covered": 100.0, "percent_statements_covered_display": "100"}, "missing_lines": [], "excluded_lines": [], "start_line": 185}, "DatabaseConfig.get_index_info": {"executed_lines": [217, 218, 224], "summary": {"covered_lines": 3, "num_statements": 3, "percent_covered": 100.0, "percent_covered_display": "100", "missing_lines": 0, "excluded_lines": 0, "percent_statements_covered": 100.0, "percent_statements_covered_display": "100"}, "missing_lines": [], "excluded_lines": [], "start_line": 208}, "DatabaseConfig.initialize_tables": {"executed_lines": [], "summary": {"covered_lines": 0, "num_statements": 1, "percent_covered": 0.0, "percent_covered_display": "0", "missing_lines": 1, "excluded_lines": 0, "percent_statements_covered": 0.0, "percent_statements_covered_display": "0"}, "missing_lines": [229], "excluded_lines": [], "start_line": 226}, "get_db_config": {"executed_lines": [241, 242, 243, 244, 253, 254, 255, 256, 257, 258, 260, 261, 263], "summary": {"covered_lines": 13, "num_statements": 15, "percent_covered": 86.66666666666667, "percent_covered_display": "87", "missing_lines": 2, "excluded_lines": 0, "percent_statements_covered": 86.66666666666667, "percent_statements_covered_display": "87"}, "missing_lines": [246, 247], "excluded_lines": [], "start_line": 232}, "get_db": {"executed_lines": [], "summary": {"covered_lines": 0, "num_statements": 7, "percent_covered": 0.0, "percent_covered_display": "0", "missing_lines": 7, "excluded_lines": 0, "percent_statements_covered": 0.0, "percent_statements_covered_display": "0"}, "missing_lines": [275, 276, 277, 278, 279, 280, 281], "excluded_lines": [], "start_line": 266}, "close_db": {"executed_lines": [290, 291], "summary": {"covered_lines": 2, "num_statements": 3, "percent_covered": 66.66666666666667, "percent_covered_display": "67", "missing_lines": 1, "excluded_lines": 0, "percent_statements_covered": 66.66666666666667, "percent_statements_covered_display": "67"}, "missing_lines": [292], "excluded_lines": [], "start_line": 284}, "": {"executed_lines": [7, 9, 10, 11, 12, 13, 14, 16, 18, 19, 22, 25, 34, 39, 40, 53, 67, 82, 97, 132, 185, 208, 226, 232, 266, 284], "summary": {"covered_lines": 26, "num_statements": 26, "percent_covered": 100.0, "percent_covered_display": "100", "missing_lines": 0, "excluded_lines": 0, "percent_statements_covered": 100.0, "percent_statements_covered_display": "100"}, "missing_lines": [], "excluded_lines": [], "start_line": 1}}, "classes": {"DatabaseConfig": {"executed_lines": [31, 32, 36, 37, 46, 47, 48, 49, 51, 63, 64, 65, 140, 142, 143, 144, 147, 152, 155, 157, 158, 160, 162, 164, 170, 171, 173, 174, 175, 176, 180, 182, 183, 191, 194, 195, 196, 198, 199, 200, 201, 204, 206, 217, 218, 224], "summary": {"covered_lines": 46, "num_statements": 75, "percent_covered": 61.333333333333336, "percent_covered_display": "61", "missing_lines": 29, "excluded_lines": 0, "percent_statements_covered": 61.333333333333336, "percent_statements_covered_display": "61"}, "missing_lines": [77, 78, 79, 80, 92, 93, 94, 95, 103, 105, 106, 107, 108, 110, 111, 113, 114, 115, 117, 122, 124, 125, 126, 127, 129, 130, 177, 178, 229], "excluded_lines": [], "start_line": 22}, "": {"executed_lines": [7, 9, 10, 11, 12, 13, 14, 16, 18, 19, 22, 25, 34, 39, 40, 53, 67, 82, 97, 132, 185, 208, 226, 232, 241, 242, 243, 244, 253, 254, 255, 256, 257, 258, 260, 261, 263, 266, 284, 290, 291], "summary": {"covered_lines": 41, "num_statements": 51, "percent_covered": 80.3921568627451, "percent_covered_display": "80", "missing_lines": 10, "excluded_lines": 0, "percent_statements_covered": 80.3921568627451, "percent_statements_covered_display": "80"}, "missing_lines": [246, 247, 275, 276, 277, 278, 279, 280, 281, 292], "excluded_lines": [], "start_line": 1}}}, "src\\collector\\config\\settings.py": {"executed_lines": [7, 8, 11, 15, 16, 17, 18, 21, 22, 25, 28, 29, 32, 37, 40, 43, 44, 47, 48, 51, 52, 55, 57, 58, 63, 66, 67, 68, 71, 78, 82, 86, 89, 92, 93, 95, 97, 98, 100, 101, 102, 106, 113, 124, 125, 126, 127, 128, 130, 139, 140, 141, 142, 143, 145, 154, 156], "summary": {"covered_lines": 57, "num_statements": 63, "percent_covered": 90.47619047619048, "percent_covered_display": "90", "missing_lines": 6, "excluded_lines": 0, "percent_statements_covered": 90.47619047619048, "percent_statements_covered_display": "90"}, "missing_lines": [72, 73, 74, 75, 87, 90], "excluded_lines": [], "functions": {"Config.validate": {"executed_lines": [63, 66, 67, 68, 71, 78, 82, 86, 89, 92, 93, 95], "summary": {"covered_lines": 12, "num_statements": 18, "percent_covered": 66.66666666666667, "percent_covered_display": "67", "missing_lines": 6, "excluded_lines": 0, "percent_statements_covered": 66.66666666666667, "percent_statements_covered_display": "67"}, "missing_lines": [72, 73, 74, 75, 87, 90], "excluded_lines": [], "start_line": 58}, "Config.ensure_directories": {"executed_lines": [100, 101, 102], "summary": {"covered_lines": 3, "num_statements": 3, "percent_covered": 100.0, "percent_covered_display": "100", "missing_lines": 0, "excluded_lines": 0, "percent_statements_covered": 100.0, "percent_statements_covered_display": "100"}, "missing_lines": [], "excluded_lines": [], "start_line": 98}, "get_config": {"executed_lines": [156], "summary": {"covered_lines": 1, "num_statements": 1, "percent_covered": 100.0, "percent_covered_display": "100", "missing_lines": 0, "excluded_lines": 0, "percent_statements_covered": 100.0, "percent_statements_covered_display": "100"}, "missing_lines": [], "excluded_lines": [], "start_line": 154}, "": {"executed_lines": [7, 8, 11, 15, 16, 17, 18, 21, 22, 25, 28, 29, 32, 37, 40, 43, 44, 47, 48, 51, 52, 55, 57, 58, 97, 98, 106, 113, 124, 125, 126, 127, 128, 130, 139, 140, 141, 142, 143, 145, 154], "summary": {"covered_lines": 41, "num_statements": 41, "percent_covered": 100.0, "percent_covered_display": "100", "missing_lines": 0, "excluded_lines": 0, "percent_statements_covered": 100.0, "percent_statements_covered_display": "100"}, "missing_lines": [], "excluded_lines": [], "start_line": 1}}, "classes": {"Config": {"executed_lines": [63, 66, 67, 68, 71, 78, 82, 86, 89, 92, 93, 95, 100, 101, 102], "summary": {"covered_lines": 15, "num_statements": 21, "percent_covered": 71.42857142857143, "percent_covered_display": "71", "missing_lines": 6, "excluded_lines": 0, "percent_statements_covered": 71.42857142857143, "percent_statements_covered_display": "71"}, "missing_lines": [72, 73, 74, 75, 87, 90], "excluded_lines": [], "start_line": 11}, "": {"executed_lines": [7, 8, 11, 15, 16, 17, 18, 21, 22, 25, 28, 29, 32, 37, 40, 43, 44, 47, 48, 51, 52, 55, 57, 58, 97, 98, 106, 113, 124, 125, 126, 127, 128, 130, 139, 140, 141, 142, 143, 145, 154, 156], "summary": {"covered_lines": 42, "num_statements": 42, "percent_covered": 100.0, "percent_covered_display": "100", "missing_lines": 0, "excluded_lines": 0, "percent_statements_covered": 100.0, "percent_statements_covered_display": "100"}, "missing_lines": [], "excluded_lines": [], "start_line": 1}}}, "src\\collector\\models\\__init__.py": {"executed_lines": [7, 8, 9, 10, 12], "summary": {"covered_lines": 5, "num_statements": 5, "percent_covered": 100.0, "percent_covered_display": "100", "missing_lines": 0, "excluded_lines": 0, "percent_statements_covered": 100.0, "percent_statements_covered_display": "100"}, "missing_lines": [], "excluded_lines": [], "functions": {"": {"executed_lines": [7, 8, 9, 10, 12], "summary": {"covered_lines": 5, "num_statements": 5, "percent_covered": 100.0, "percent_covered_display": "100", "missing_lines": 0, "excluded_lines": 0, "percent_statements_covered": 100.0, "percent_statements_covered_display": "100"}, "missing_lines": [], "excluded_lines": [], "start_line": 1}}, "classes": {"": {"executed_lines": [7, 8, 9, 10, 12], "summary": {"covered_lines": 5, "num_statements": 5, "percent_covered": 100.0, "percent_covered_display": "100", "missing_lines": 0, "excluded_lines": 0, "percent_statements_covered": 100.0, "percent_statements_covered_display": "100"}, "missing_lines": [], "excluded_lines": [], "start_line": 1}}}, "src\\collector\\models\\base.py": {"executed_lines": [7, 9, 10, 11, 13, 16, 24, 27, 30, 32, 38, 39, 40, 42, 51, 52, 55, 56, 58, 59, 60, 61, 62, 63, 65, 67, 69, 70, 88, 90, 92, 97, 103, 107, 108, 114, 116, 117, 132, 133, 139, 140, 142, 143, 144, 145, 148, 149, 150, 152, 154, 156, 157, 159, 160, 162, 164, 165, 174, 175, 177, 178, 179, 181, 183, 184, 186, 206, 230, 231, 243, 244], "summary": {"covered_lines": 72, "num_statements": 104, "percent_covered": 69.23076923076923, "percent_covered_display": "69", "missing_lines": 32, "excluded_lines": 0, "percent_statements_covered": 69.23076923076923, "percent_statements_covered_display": "69"}, "missing_lines": [80, 81, 83, 84, 86, 94, 95, 99, 100, 101, 105, 123, 124, 192, 193, 195, 196, 197, 199, 204, 212, 213, 216, 218, 219, 220, 222, 228, 237, 238, 250, 251], "excluded_lines": [], "functions": {"BaseModel.__init__": {"executed_lines": [38, 39, 40], "summary": {"covered_lines": 3, "num_statements": 3, "percent_covered": 100.0, "percent_covered_display": "100", "missing_lines": 0, "excluded_lines": 0, "percent_statements_covered": 100.0, "percent_statements_covered_display": "100"}, "missing_lines": [], "excluded_lines": [], "start_line": 32}, "BaseModel.to_dict": {"executed_lines": [51, 52, 55, 56, 58, 59, 60, 61, 62, 63, 65, 67], "summary": {"covered_lines": 12, "num_statements": 12, "percent_covered": 100.0, "percent_covered_display": "100", "missing_lines": 0, "excluded_lines": 0, "percent_statements_covered": 100.0, "percent_statements_covered_display": "100"}, "missing_lines": [], "excluded_lines": [], "start_line": 42}, "BaseModel.from_dict": {"executed_lines": [], "summary": {"covered_lines": 0, "num_statements": 5, "percent_covered": 0.0, "percent_covered_display": "0", "missing_lines": 5, "excluded_lines": 0, "percent_statements_covered": 0.0, "percent_statements_covered_display": "0"}, "missing_lines": [80, 81, 83, 84, 86], "excluded_lines": [], "start_line": 70}, "BaseModel.update_timestamp": {"executed_lines": [90], "summary": {"covered_lines": 1, "num_statements": 1, "percent_covered": 100.0, "percent_covered_display": "100", "missing_lines": 0, "excluded_lines": 0, "percent_statements_covered": 100.0, "percent_statements_covered_display": "100"}, "missing_lines": [], "excluded_lines": [], "start_line": 88}, "BaseModel.__repr__": {"executed_lines": [], "summary": {"covered_lines": 0, "num_statements": 2, "percent_covered": 0.0, "percent_covered_display": "0", "missing_lines": 2, "excluded_lines": 0, "percent_statements_covered": 0.0, "percent_statements_covered_display": "0"}, "missing_lines": [94, 95], "excluded_lines": [], "start_line": 92}, "BaseModel.__eq__": {"executed_lines": [], "summary": {"covered_lines": 0, "num_statements": 3, "percent_covered": 0.0, "percent_covered_display": "0", "missing_lines": 3, "excluded_lines": 0, "percent_statements_covered": 0.0, "percent_statements_covered_display": "0"}, "missing_lines": [99, 100, 101], "excluded_lines": [], "start_line": 97}, "BaseModel.__hash__": {"executed_lines": [], "summary": {"covered_lines": 0, "num_statements": 1, "percent_covered": 0.0, "percent_covered_display": "0", "missing_lines": 1, "excluded_lines": 0, "percent_statements_covered": 0.0, "percent_statements_covered_display": "0"}, "missing_lines": [105], "excluded_lines": [], "start_line": 103}, "BaseModel.get_table_name": {"executed_lines": [114], "summary": {"covered_lines": 1, "num_statements": 1, "percent_covered": 100.0, "percent_covered_display": "100", "missing_lines": 0, "excluded_lines": 0, "percent_statements_covered": 100.0, "percent_statements_covered_display": "100"}, "missing_lines": [], "excluded_lines": [], "start_line": 108}, "BaseModel.get_create_table_sql": {"executed_lines": [], "summary": {"covered_lines": 0, "num_statements": 2, "percent_covered": 0.0, "percent_covered_display": "0", "missing_lines": 2, "excluded_lines": 0, "percent_statements_covered": 0.0, "percent_statements_covered_display": "0"}, "missing_lines": [123, 124], "excluded_lines": [], "start_line": 117}, "BaseModel.get_indexes_sql": {"executed_lines": [139, 140, 142, 143, 144, 145, 148, 149, 150, 152, 154, 156, 157, 159, 160, 162], "summary": {"covered_lines": 16, "num_statements": 16, "percent_covered": 100.0, "percent_covered_display": "100", "missing_lines": 0, "excluded_lines": 0, "percent_statements_covered": 100.0, "percent_statements_covered_display": "100"}, "missing_lines": [], "excluded_lines": [], "start_line": 133}, "BaseModel._generate_index_name": {"executed_lines": [174, 175, 177, 178, 179, 181, 183, 184], "summary": {"covered_lines": 8, "num_statements": 8, "percent_covered": 100.0, "percent_covered_display": "100", "missing_lines": 0, "excluded_lines": 0, "percent_statements_covered": 100.0, "percent_statements_covered_display": "100"}, "missing_lines": [], "excluded_lines": [], "start_line": 165}, "BaseModel.get_insert_sql": {"executed_lines": [], "summary": {"covered_lines": 0, "num_statements": 7, "percent_covered": 0.0, "percent_covered_display": "0", "missing_lines": 7, "excluded_lines": 0, "percent_statements_covered": 0.0, "percent_statements_covered_display": "0"}, "missing_lines": [192, 193, 195, 196, 197, 199, 204], "excluded_lines": [], "start_line": 186}, "BaseModel.get_update_sql": {"executed_lines": [], "summary": {"covered_lines": 0, "num_statements": 8, "percent_covered": 0.0, "percent_covered_display": "0", "missing_lines": 8, "excluded_lines": 0, "percent_statements_covered": 0.0, "percent_statements_covered_display": "0"}, "missing_lines": [212, 213, 216, 218, 219, 220, 222, 228], "excluded_lines": [], "start_line": 206}, "BaseModel.get_select_by_id_sql": {"executed_lines": [], "summary": {"covered_lines": 0, "num_statements": 2, "percent_covered": 0.0, "percent_covered_display": "0", "missing_lines": 2, "excluded_lines": 0, "percent_statements_covered": 0.0, "percent_statements_covered_display": "0"}, "missing_lines": [237, 238], "excluded_lines": [], "start_line": 231}, "BaseModel.get_delete_by_id_sql": {"executed_lines": [], "summary": {"covered_lines": 0, "num_statements": 2, "percent_covered": 0.0, "percent_covered_display": "0", "missing_lines": 2, "excluded_lines": 0, "percent_statements_covered": 0.0, "percent_statements_covered_display": "0"}, "missing_lines": [250, 251], "excluded_lines": [], "start_line": 244}, "": {"executed_lines": [7, 9, 10, 11, 13, 16, 24, 27, 30, 32, 42, 69, 70, 88, 92, 97, 103, 107, 108, 116, 117, 132, 133, 164, 165, 186, 206, 230, 231, 243, 244], "summary": {"covered_lines": 31, "num_statements": 31, "percent_covered": 100.0, "percent_covered_display": "100", "missing_lines": 0, "excluded_lines": 0, "percent_statements_covered": 100.0, "percent_statements_covered_display": "100"}, "missing_lines": [], "excluded_lines": [], "start_line": 1}}, "classes": {"BaseModel": {"executed_lines": [38, 39, 40, 51, 52, 55, 56, 58, 59, 60, 61, 62, 63, 65, 67, 90, 114, 139, 140, 142, 143, 144, 145, 148, 149, 150, 152, 154, 156, 157, 159, 160, 162, 174, 175, 177, 178, 179, 181, 183, 184], "summary": {"covered_lines": 41, "num_statements": 73, "percent_covered": 56.16438356164384, "percent_covered_display": "56", "missing_lines": 32, "excluded_lines": 0, "percent_statements_covered": 56.16438356164384, "percent_statements_covered_display": "56"}, "missing_lines": [80, 81, 83, 84, 86, 94, 95, 99, 100, 101, 105, 123, 124, 192, 193, 195, 196, 197, 199, 204, 212, 213, 216, 218, 219, 220, 222, 228, 237, 238, 250, 251], "excluded_lines": [], "start_line": 16}, "": {"executed_lines": [7, 9, 10, 11, 13, 16, 24, 27, 30, 32, 42, 69, 70, 88, 92, 97, 103, 107, 108, 116, 117, 132, 133, 164, 165, 186, 206, 230, 231, 243, 244], "summary": {"covered_lines": 31, "num_statements": 31, "percent_covered": 100.0, "percent_covered_display": "100", "missing_lines": 0, "excluded_lines": 0, "percent_statements_covered": 100.0, "percent_statements_covered_display": "100"}, "missing_lines": [], "excluded_lines": [], "start_line": 1}}}, "src\\collector\\models\\file.py": {"executed_lines": [7, 9, 10, 12, 15, 23, 26, 29, 36, 42, 45, 46, 47, 48, 49, 50, 54, 55, 61, 74, 83, 85, 87, 90, 99, 100, 101, 102, 103, 104, 108, 110, 112, 118, 119, 120, 121, 123, 128, 130, 150, 151, 173, 174, 185, 186, 197, 213, 224, 234, 244, 252, 260, 268, 276, 292], "summary": {"covered_lines": 56, "num_statements": 97, "percent_covered": 57.7319587628866, "percent_covered_display": "58", "missing_lines": 41, "excluded_lines": 0, "percent_statements_covered": 57.7319587628866, "percent_statements_covered_display": "58"}, "missing_lines": [106, 136, 139, 140, 142, 148, 161, 162, 165, 166, 167, 168, 169, 171, 180, 192, 203, 204, 206, 207, 209, 210, 211, 219, 221, 230, 232, 240, 242, 250, 258, 266, 274, 282, 283, 285, 286, 287, 288, 290, 294], "excluded_lines": [], "functions": {"File.__init__": {"executed_lines": [42, 45, 46, 47, 48, 49, 50], "summary": {"covered_lines": 7, "num_statements": 7, "percent_covered": 100.0, "percent_covered_display": "100", "missing_lines": 0, "excluded_lines": 0, "percent_statements_covered": 100.0, "percent_statements_covered_display": "100"}, "missing_lines": [], "excluded_lines": [], "start_line": 36}, "File.get_create_table_sql": {"executed_lines": [61], "summary": {"covered_lines": 1, "num_statements": 1, "percent_covered": 100.0, "percent_covered_display": "100", "missing_lines": 0, "excluded_lines": 0, "percent_statements_covered": 100.0, "percent_statements_covered_display": "100"}, "missing_lines": [], "excluded_lines": [], "start_line": 55}, "File.to_dict": {"executed_lines": [83, 85, 87, 90, 99, 100, 101, 102, 103, 104, 108, 110], "summary": {"covered_lines": 12, "num_statements": 13, "percent_covered": 92.3076923076923, "percent_covered_display": "92", "missing_lines": 1, "excluded_lines": 0, "percent_statements_covered": 92.3076923076923, "percent_statements_covered_display": "92"}, "missing_lines": [106], "excluded_lines": [], "start_line": 74}, "File.get_insert_sql": {"executed_lines": [118, 119, 120, 121, 123, 128], "summary": {"covered_lines": 6, "num_statements": 6, "percent_covered": 100.0, "percent_covered_display": "100", "missing_lines": 0, "excluded_lines": 0, "percent_statements_covered": 100.0, "percent_statements_covered_display": "100"}, "missing_lines": [], "excluded_lines": [], "start_line": 112}, "File.get_update_sql": {"executed_lines": [], "summary": {"covered_lines": 0, "num_statements": 5, "percent_covered": 0.0, "percent_covered_display": "0", "missing_lines": 5, "excluded_lines": 0, "percent_statements_covered": 0.0, "percent_statements_covered_display": "0"}, "missing_lines": [136, 139, 140, 142, 148], "excluded_lines": [], "start_line": 130}, "File.from_dict": {"executed_lines": [], "summary": {"covered_lines": 0, "num_statements": 8, "percent_covered": 0.0, "percent_covered_display": "0", "missing_lines": 8, "excluded_lines": 0, "percent_statements_covered": 0.0, "percent_statements_covered_display": "0"}, "missing_lines": [161, 162, 165, 166, 167, 168, 169, 171], "excluded_lines": [], "start_line": 151}, "File.get_select_by_id_sql": {"executed_lines": [], "summary": {"covered_lines": 0, "num_statements": 1, "percent_covered": 0.0, "percent_covered_display": "0", "missing_lines": 1, "excluded_lines": 0, "percent_statements_covered": 0.0, "percent_statements_covered_display": "0"}, "missing_lines": [180], "excluded_lines": [], "start_line": 174}, "File.get_delete_by_id_sql": {"executed_lines": [], "summary": {"covered_lines": 0, "num_statements": 1, "percent_covered": 0.0, "percent_covered_display": "0", "missing_lines": 1, "excluded_lines": 0, "percent_statements_covered": 0.0, "percent_statements_covered_display": "0"}, "missing_lines": [192], "excluded_lines": [], "start_line": 186}, "File.get_metadata": {"executed_lines": [], "summary": {"covered_lines": 0, "num_statements": 7, "percent_covered": 0.0, "percent_covered_display": "0", "missing_lines": 7, "excluded_lines": 0, "percent_statements_covered": 0.0, "percent_statements_covered_display": "0"}, "missing_lines": [203, 204, 206, 207, 209, 210, 211], "excluded_lines": [], "start_line": 197}, "File.set_metadata": {"executed_lines": [], "summary": {"covered_lines": 0, "num_statements": 2, "percent_covered": 0.0, "percent_covered_display": "0", "missing_lines": 2, "excluded_lines": 0, "percent_statements_covered": 0.0, "percent_statements_covered_display": "0"}, "missing_lines": [219, 221], "excluded_lines": [], "start_line": 213}, "File.get_file_extension": {"executed_lines": [], "summary": {"covered_lines": 0, "num_statements": 2, "percent_covered": 0.0, "percent_covered_display": "0", "missing_lines": 2, "excluded_lines": 0, "percent_statements_covered": 0.0, "percent_statements_covered_display": "0"}, "missing_lines": [230, 232], "excluded_lines": [], "start_line": 224}, "File.get_filename": {"executed_lines": [], "summary": {"covered_lines": 0, "num_statements": 2, "percent_covered": 0.0, "percent_covered_display": "0", "missing_lines": 2, "excluded_lines": 0, "percent_statements_covered": 0.0, "percent_statements_covered_display": "0"}, "missing_lines": [240, 242], "excluded_lines": [], "start_line": 234}, "File.is_video": {"executed_lines": [], "summary": {"covered_lines": 0, "num_statements": 1, "percent_covered": 0.0, "percent_covered_display": "0", "missing_lines": 1, "excluded_lines": 0, "percent_statements_covered": 0.0, "percent_statements_covered_display": "0"}, "missing_lines": [250], "excluded_lines": [], "start_line": 244}, "File.is_audio": {"executed_lines": [], "summary": {"covered_lines": 0, "num_statements": 1, "percent_covered": 0.0, "percent_covered_display": "0", "missing_lines": 1, "excluded_lines": 0, "percent_statements_covered": 0.0, "percent_statements_covered_display": "0"}, "missing_lines": [258], "excluded_lines": [], "start_line": 252}, "File.is_image": {"executed_lines": [], "summary": {"covered_lines": 0, "num_statements": 1, "percent_covered": 0.0, "percent_covered_display": "0", "missing_lines": 1, "excluded_lines": 0, "percent_statements_covered": 0.0, "percent_statements_covered_display": "0"}, "missing_lines": [266], "excluded_lines": [], "start_line": 260}, "File.is_metadata": {"executed_lines": [], "summary": {"covered_lines": 0, "num_statements": 1, "percent_covered": 0.0, "percent_covered_display": "0", "missing_lines": 1, "excluded_lines": 0, "percent_statements_covered": 0.0, "percent_statements_covered_display": "0"}, "missing_lines": [274], "excluded_lines": [], "start_line": 268}, "File.format_file_size": {"executed_lines": [], "summary": {"covered_lines": 0, "num_statements": 7, "percent_covered": 0.0, "percent_covered_display": "0", "missing_lines": 7, "excluded_lines": 0, "percent_statements_covered": 0.0, "percent_statements_covered_display": "0"}, "missing_lines": [282, 283, 285, 286, 287, 288, 290], "excluded_lines": [], "start_line": 276}, "File.__repr__": {"executed_lines": [], "summary": {"covered_lines": 0, "num_statements": 1, "percent_covered": 0.0, "percent_covered_display": "0", "missing_lines": 1, "excluded_lines": 0, "percent_statements_covered": 0.0, "percent_statements_covered_display": "0"}, "missing_lines": [294], "excluded_lines": [], "start_line": 292}, "": {"executed_lines": [7, 9, 10, 12, 15, 23, 26, 29, 36, 54, 55, 74, 112, 130, 150, 151, 173, 174, 185, 186, 197, 213, 224, 234, 244, 252, 260, 268, 276, 292], "summary": {"covered_lines": 30, "num_statements": 30, "percent_covered": 100.0, "percent_covered_display": "100", "missing_lines": 0, "excluded_lines": 0, "percent_statements_covered": 100.0, "percent_statements_covered_display": "100"}, "missing_lines": [], "excluded_lines": [], "start_line": 1}}, "classes": {"File": {"executed_lines": [42, 45, 46, 47, 48, 49, 50, 61, 83, 85, 87, 90, 99, 100, 101, 102, 103, 104, 108, 110, 118, 119, 120, 121, 123, 128], "summary": {"covered_lines": 26, "num_statements": 67, "percent_covered": 38.80597014925373, "percent_covered_display": "39", "missing_lines": 41, "excluded_lines": 0, "percent_statements_covered": 38.80597014925373, "percent_statements_covered_display": "39"}, "missing_lines": [106, 136, 139, 140, 142, 148, 161, 162, 165, 166, 167, 168, 169, 171, 180, 192, 203, 204, 206, 207, 209, 210, 211, 219, 221, 230, 232, 240, 242, 250, 258, 266, 274, 282, 283, 285, 286, 287, 288, 290, 294], "excluded_lines": [], "start_line": 15}, "": {"executed_lines": [7, 9, 10, 12, 15, 23, 26, 29, 36, 54, 55, 74, 112, 130, 150, 151, 173, 174, 185, 186, 197, 213, 224, 234, 244, 252, 260, 268, 276, 292], "summary": {"covered_lines": 30, "num_statements": 30, "percent_covered": 100.0, "percent_covered_display": "100", "missing_lines": 0, "excluded_lines": 0, "percent_statements_covered": 100.0, "percent_statements_covered_display": "100"}, "missing_lines": [], "excluded_lines": [], "start_line": 1}}}, "src\\collector\\models\\job.py": {"executed_lines": [7, 9, 10, 12, 15, 23, 26, 37, 43, 46, 47, 48, 49, 50, 51, 52, 53, 54, 55, 57, 58, 64, 82, 88, 89, 90, 91, 93, 98, 100, 122, 131, 132, 134, 135, 160, 167, 177, 182, 194, 203], "summary": {"covered_lines": 41, "num_statements": 70, "percent_covered": 58.57142857142857, "percent_covered_display": "59", "missing_lines": 29, "excluded_lines": 0, "percent_statements_covered": 58.57142857142857, "percent_statements_covered_display": "59"}, "missing_lines": [106, 109, 111, 112, 114, 120, 145, 146, 148, 149, 151, 156, 158, 162, 163, 164, 165, 173, 174, 175, 179, 180, 189, 190, 191, 192, 200, 201, 205], "excluded_lines": [], "functions": {"Job.__init__": {"executed_lines": [43, 46, 47, 48, 49, 50, 51, 52, 53, 54, 55], "summary": {"covered_lines": 11, "num_statements": 11, "percent_covered": 100.0, "percent_covered_display": "100", "missing_lines": 0, "excluded_lines": 0, "percent_statements_covered": 100.0, "percent_statements_covered_display": "100"}, "missing_lines": [], "excluded_lines": [], "start_line": 37}, "Job.get_create_table_sql": {"executed_lines": [64], "summary": {"covered_lines": 1, "num_statements": 1, "percent_covered": 100.0, "percent_covered_display": "100", "missing_lines": 0, "excluded_lines": 0, "percent_statements_covered": 100.0, "percent_statements_covered_display": "100"}, "missing_lines": [], "excluded_lines": [], "start_line": 58}, "Job.get_insert_sql": {"executed_lines": [88, 89, 90, 91, 93, 98], "summary": {"covered_lines": 6, "num_statements": 6, "percent_covered": 100.0, "percent_covered_display": "100", "missing_lines": 0, "excluded_lines": 0, "percent_statements_covered": 100.0, "percent_statements_covered_display": "100"}, "missing_lines": [], "excluded_lines": [], "start_line": 82}, "Job.get_update_sql": {"executed_lines": [], "summary": {"covered_lines": 0, "num_statements": 6, "percent_covered": 0.0, "percent_covered_display": "0", "missing_lines": 6, "excluded_lines": 0, "percent_statements_covered": 0.0, "percent_statements_covered_display": "0"}, "missing_lines": [106, 109, 111, 112, 114, 120], "excluded_lines": [], "start_line": 100}, "Job.to_dict": {"executed_lines": [131, 132], "summary": {"covered_lines": 2, "num_statements": 2, "percent_covered": 100.0, "percent_covered_display": "100", "missing_lines": 0, "excluded_lines": 0, "percent_statements_covered": 100.0, "percent_statements_covered_display": "100"}, "missing_lines": [], "excluded_lines": [], "start_line": 122}, "Job.from_dict": {"executed_lines": [], "summary": {"covered_lines": 0, "num_statements": 7, "percent_covered": 0.0, "percent_covered_display": "0", "missing_lines": 7, "excluded_lines": 0, "percent_statements_covered": 0.0, "percent_statements_covered_display": "0"}, "missing_lines": [145, 146, 148, 149, 151, 156, 158], "excluded_lines": [], "start_line": 135}, "Job.mark_completed": {"executed_lines": [], "summary": {"covered_lines": 0, "num_statements": 4, "percent_covered": 0.0, "percent_covered_display": "0", "missing_lines": 4, "excluded_lines": 0, "percent_statements_covered": 0.0, "percent_statements_covered_display": "0"}, "missing_lines": [162, 163, 164, 165], "excluded_lines": [], "start_line": 160}, "Job.mark_failed": {"executed_lines": [], "summary": {"covered_lines": 0, "num_statements": 3, "percent_covered": 0.0, "percent_covered_display": "0", "missing_lines": 3, "excluded_lines": 0, "percent_statements_covered": 0.0, "percent_statements_covered_display": "0"}, "missing_lines": [173, 174, 175], "excluded_lines": [], "start_line": 167}, "Job.increment_retry": {"executed_lines": [], "summary": {"covered_lines": 0, "num_statements": 2, "percent_covered": 0.0, "percent_covered_display": "0", "missing_lines": 2, "excluded_lines": 0, "percent_statements_covered": 0.0, "percent_statements_covered_display": "0"}, "missing_lines": [179, 180], "excluded_lines": [], "start_line": 177}, "Job.update_progress": {"executed_lines": [], "summary": {"covered_lines": 0, "num_statements": 4, "percent_covered": 0.0, "percent_covered_display": "0", "missing_lines": 4, "excluded_lines": 0, "percent_statements_covered": 0.0, "percent_statements_covered_display": "0"}, "missing_lines": [189, 190, 191, 192], "excluded_lines": [], "start_line": 182}, "Job.add_bytes_downloaded": {"executed_lines": [], "summary": {"covered_lines": 0, "num_statements": 2, "percent_covered": 0.0, "percent_covered_display": "0", "missing_lines": 2, "excluded_lines": 0, "percent_statements_covered": 0.0, "percent_statements_covered_display": "0"}, "missing_lines": [200, 201], "excluded_lines": [], "start_line": 194}, "Job.__repr__": {"executed_lines": [], "summary": {"covered_lines": 0, "num_statements": 1, "percent_covered": 0.0, "percent_covered_display": "0", "missing_lines": 1, "excluded_lines": 0, "percent_statements_covered": 0.0, "percent_statements_covered_display": "0"}, "missing_lines": [205], "excluded_lines": [], "start_line": 203}, "": {"executed_lines": [7, 9, 10, 12, 15, 23, 26, 37, 57, 58, 82, 100, 122, 134, 135, 160, 167, 177, 182, 194, 203], "summary": {"covered_lines": 21, "num_statements": 21, "percent_covered": 100.0, "percent_covered_display": "100", "missing_lines": 0, "excluded_lines": 0, "percent_statements_covered": 100.0, "percent_statements_covered_display": "100"}, "missing_lines": [], "excluded_lines": [], "start_line": 1}}, "classes": {"Job": {"executed_lines": [43, 46, 47, 48, 49, 50, 51, 52, 53, 54, 55, 64, 88, 89, 90, 91, 93, 98, 131, 132], "summary": {"covered_lines": 20, "num_statements": 49, "percent_covered": 40.816326530612244, "percent_covered_display": "41", "missing_lines": 29, "excluded_lines": 0, "percent_statements_covered": 40.816326530612244, "percent_statements_covered_display": "41"}, "missing_lines": [106, 109, 111, 112, 114, 120, 145, 146, 148, 149, 151, 156, 158, 162, 163, 164, 165, 173, 174, 175, 179, 180, 189, 190, 191, 192, 200, 201, 205], "excluded_lines": [], "start_line": 15}, "": {"executed_lines": [7, 9, 10, 12, 15, 23, 26, 37, 57, 58, 82, 100, 122, 134, 135, 160, 167, 177, 182, 194, 203], "summary": {"covered_lines": 21, "num_statements": 21, "percent_covered": 100.0, "percent_covered_display": "100", "missing_lines": 0, "excluded_lines": 0, "percent_statements_covered": 100.0, "percent_statements_covered_display": "100"}, "missing_lines": [], "excluded_lines": [], "start_line": 1}}}, "src\\collector\\models\\settings.py": {"executed_lines": [7, 9, 10, 12, 15, 23, 26, 29, 31, 42, 43, 49, 57, 75, 97, 98, 109, 110, 121, 145, 153, 164, 175, 184, 193, 202], "summary": {"covered_lines": 26, "num_statements": 69, "percent_covered": 37.68115942028985, "percent_covered_display": "38", "missing_lines": 43, "excluded_lines": 0, "percent_statements_covered": 37.68115942028985, "percent_statements_covered_display": "38"}, "missing_lines": [38, 39, 40, 63, 64, 65, 66, 68, 73, 81, 84, 86, 87, 89, 95, 104, 116, 130, 131, 134, 135, 136, 137, 138, 139, 141, 143, 151, 159, 160, 161, 162, 170, 171, 172, 173, 181, 182, 190, 191, 199, 200, 204], "excluded_lines": [], "functions": {"Settings.__init__": {"executed_lines": [], "summary": {"covered_lines": 0, "num_statements": 3, "percent_covered": 0.0, "percent_covered_display": "0", "missing_lines": 3, "excluded_lines": 0, "percent_statements_covered": 0.0, "percent_statements_covered_display": "0"}, "missing_lines": [38, 39, 40], "excluded_lines": [], "start_line": 31}, "Settings.get_create_table_sql": {"executed_lines": [49], "summary": {"covered_lines": 1, "num_statements": 1, "percent_covered": 100.0, "percent_covered_display": "100", "missing_lines": 0, "excluded_lines": 0, "percent_statements_covered": 100.0, "percent_statements_covered_display": "100"}, "missing_lines": [], "excluded_lines": [], "start_line": 43}, "Settings.get_insert_sql": {"executed_lines": [], "summary": {"covered_lines": 0, "num_statements": 6, "percent_covered": 0.0, "percent_covered_display": "0", "missing_lines": 6, "excluded_lines": 0, "percent_statements_covered": 0.0, "percent_statements_covered_display": "0"}, "missing_lines": [63, 64, 65, 66, 68, 73], "excluded_lines": [], "start_line": 57}, "Settings.get_update_sql": {"executed_lines": [], "summary": {"covered_lines": 0, "num_statements": 6, "percent_covered": 0.0, "percent_covered_display": "0", "missing_lines": 6, "excluded_lines": 0, "percent_statements_covered": 0.0, "percent_statements_covered_display": "0"}, "missing_lines": [81, 84, 86, 87, 89, 95], "excluded_lines": [], "start_line": 75}, "Settings.get_select_by_id_sql": {"executed_lines": [], "summary": {"covered_lines": 0, "num_statements": 1, "percent_covered": 0.0, "percent_covered_display": "0", "missing_lines": 1, "excluded_lines": 0, "percent_statements_covered": 0.0, "percent_statements_covered_display": "0"}, "missing_lines": [104], "excluded_lines": [], "start_line": 98}, "Settings.get_delete_by_id_sql": {"executed_lines": [], "summary": {"covered_lines": 0, "num_statements": 1, "percent_covered": 0.0, "percent_covered_display": "0", "missing_lines": 1, "excluded_lines": 0, "percent_statements_covered": 0.0, "percent_statements_covered_display": "0"}, "missing_lines": [116], "excluded_lines": [], "start_line": 110}, "Settings.to_dict": {"executed_lines": [], "summary": {"covered_lines": 0, "num_statements": 10, "percent_covered": 0.0, "percent_covered_display": "0", "missing_lines": 10, "excluded_lines": 0, "percent_statements_covered": 0.0, "percent_statements_covered_display": "0"}, "missing_lines": [130, 131, 134, 135, 136, 137, 138, 139, 141, 143], "excluded_lines": [], "start_line": 121}, "Settings.get_bool_value": {"executed_lines": [], "summary": {"covered_lines": 0, "num_statements": 1, "percent_covered": 0.0, "percent_covered_display": "0", "missing_lines": 1, "excluded_lines": 0, "percent_statements_covered": 0.0, "percent_statements_covered_display": "0"}, "missing_lines": [151], "excluded_lines": [], "start_line": 145}, "Settings.get_int_value": {"executed_lines": [], "summary": {"covered_lines": 0, "num_statements": 4, "percent_covered": 0.0, "percent_covered_display": "0", "missing_lines": 4, "excluded_lines": 0, "percent_statements_covered": 0.0, "percent_statements_covered_display": "0"}, "missing_lines": [159, 160, 161, 162], "excluded_lines": [], "start_line": 153}, "Settings.get_float_value": {"executed_lines": [], "summary": {"covered_lines": 0, "num_statements": 4, "percent_covered": 0.0, "percent_covered_display": "0", "missing_lines": 4, "excluded_lines": 0, "percent_statements_covered": 0.0, "percent_statements_covered_display": "0"}, "missing_lines": [170, 171, 172, 173], "excluded_lines": [], "start_line": 164}, "Settings.set_bool_value": {"executed_lines": [], "summary": {"covered_lines": 0, "num_statements": 2, "percent_covered": 0.0, "percent_covered_display": "0", "missing_lines": 2, "excluded_lines": 0, "percent_statements_covered": 0.0, "percent_statements_covered_display": "0"}, "missing_lines": [181, 182], "excluded_lines": [], "start_line": 175}, "Settings.set_int_value": {"executed_lines": [], "summary": {"covered_lines": 0, "num_statements": 2, "percent_covered": 0.0, "percent_covered_display": "0", "missing_lines": 2, "excluded_lines": 0, "percent_statements_covered": 0.0, "percent_statements_covered_display": "0"}, "missing_lines": [190, 191], "excluded_lines": [], "start_line": 184}, "Settings.set_float_value": {"executed_lines": [], "summary": {"covered_lines": 0, "num_statements": 2, "percent_covered": 0.0, "percent_covered_display": "0", "missing_lines": 2, "excluded_lines": 0, "percent_statements_covered": 0.0, "percent_statements_covered_display": "0"}, "missing_lines": [199, 200], "excluded_lines": [], "start_line": 193}, "Settings.__repr__": {"executed_lines": [], "summary": {"covered_lines": 0, "num_statements": 1, "percent_covered": 0.0, "percent_covered_display": "0", "missing_lines": 1, "excluded_lines": 0, "percent_statements_covered": 0.0, "percent_statements_covered_display": "0"}, "missing_lines": [204], "excluded_lines": [], "start_line": 202}, "": {"executed_lines": [7, 9, 10, 12, 15, 23, 26, 29, 31, 42, 43, 57, 75, 97, 98, 109, 110, 121, 145, 153, 164, 175, 184, 193, 202], "summary": {"covered_lines": 25, "num_statements": 25, "percent_covered": 100.0, "percent_covered_display": "100", "missing_lines": 0, "excluded_lines": 0, "percent_statements_covered": 100.0, "percent_statements_covered_display": "100"}, "missing_lines": [], "excluded_lines": [], "start_line": 1}}, "classes": {"Settings": {"executed_lines": [49], "summary": {"covered_lines": 1, "num_statements": 44, "percent_covered": 2.272727272727273, "percent_covered_display": "2", "missing_lines": 43, "excluded_lines": 0, "percent_statements_covered": 2.272727272727273, "percent_statements_covered_display": "2"}, "missing_lines": [38, 39, 40, 63, 64, 65, 66, 68, 73, 81, 84, 86, 87, 89, 95, 104, 116, 130, 131, 134, 135, 136, 137, 138, 139, 141, 143, 151, 159, 160, 161, 162, 170, 171, 172, 173, 181, 182, 190, 191, 199, 200, 204], "excluded_lines": [], "start_line": 15}, "": {"executed_lines": [7, 9, 10, 12, 15, 23, 26, 29, 31, 42, 43, 57, 75, 97, 98, 109, 110, 121, 145, 153, 164, 175, 184, 193, 202], "summary": {"covered_lines": 25, "num_statements": 25, "percent_covered": 100.0, "percent_covered_display": "100", "missing_lines": 0, "excluded_lines": 0, "percent_statements_covered": 100.0, "percent_statements_covered_display": "100"}, "missing_lines": [], "excluded_lines": [], "start_line": 1}}}, "src\\collector\\repositories\\__init__.py": {"executed_lines": [7, 8, 9, 10, 12], "summary": {"covered_lines": 5, "num_statements": 5, "percent_covered": 100.0, "percent_covered_display": "100", "missing_lines": 0, "excluded_lines": 0, "percent_statements_covered": 100.0, "percent_statements_covered_display": "100"}, "missing_lines": [], "excluded_lines": [], "functions": {"": {"executed_lines": [7, 8, 9, 10, 12], "summary": {"covered_lines": 5, "num_statements": 5, "percent_covered": 100.0, "percent_covered_display": "100", "missing_lines": 0, "excluded_lines": 0, "percent_statements_covered": 100.0, "percent_statements_covered_display": "100"}, "missing_lines": [], "excluded_lines": [], "start_line": 1}}, "classes": {"": {"executed_lines": [7, 8, 9, 10, 12], "summary": {"covered_lines": 5, "num_statements": 5, "percent_covered": 100.0, "percent_covered_display": "100", "missing_lines": 0, "excluded_lines": 0, "percent_statements_covered": 100.0, "percent_statements_covered_display": "100"}, "missing_lines": [], "excluded_lines": [], "start_line": 1}}}, "src\\collector\\repositories\\base.py": {"executed_lines": [8, 10, 12, 13, 15, 18, 25, 32, 33, 35, 41, 43, 45, 54, 55, 57, 58, 59, 62, 65, 66, 68, 86, 110, 127, 138, 153, 167, 178, 187, 190, 191, 192, 194, 195, 196, 198, 200, 201, 203, 205, 214, 215, 217, 226, 239], "summary": {"covered_lines": 46, "num_statements": 90, "percent_covered": 51.111111111111114, "percent_covered_display": "51", "missing_lines": 44, "excluded_lines": 0, "percent_statements_covered": 51.111111111111114, "percent_statements_covered_display": "51"}, "missing_lines": [42, 63, 77, 78, 80, 82, 83, 84, 96, 97, 98, 100, 101, 102, 103, 105, 106, 108, 119, 120, 122, 123, 125, 136, 147, 148, 150, 151, 159, 160, 162, 163, 165, 176, 188, 219, 220, 222, 223, 224, 236, 237, 249, 250], "excluded_lines": [], "functions": {"BaseRepository.__init__": {"executed_lines": [32, 33], "summary": {"covered_lines": 2, "num_statements": 2, "percent_covered": 100.0, "percent_covered_display": "100", "missing_lines": 0, "excluded_lines": 0, "percent_statements_covered": 100.0, "percent_statements_covered_display": "100"}, "missing_lines": [], "excluded_lines": [], "start_line": 25}, "BaseRepository._get_db_config": {"executed_lines": [41, 43], "summary": {"covered_lines": 2, "num_statements": 3, "percent_covered": 66.66666666666667, "percent_covered_display": "67", "missing_lines": 1, "excluded_lines": 0, "percent_statements_covered": 66.66666666666667, "percent_statements_covered_display": "67"}, "missing_lines": [42], "excluded_lines": [], "start_line": 35}, "BaseRepository.create": {"executed_lines": [54, 55, 57, 58, 59, 62, 65, 66], "summary": {"covered_lines": 8, "num_statements": 9, "percent_covered": 88.88888888888889, "percent_covered_display": "89", "missing_lines": 1, "excluded_lines": 0, "percent_statements_covered": 88.88888888888889, "percent_statements_covered_display": "89"}, "missing_lines": [63], "excluded_lines": [], "start_line": 45}, "BaseRepository.get_by_id": {"executed_lines": [], "summary": {"covered_lines": 0, "num_statements": 6, "percent_covered": 0.0, "percent_covered_display": "0", "missing_lines": 6, "excluded_lines": 0, "percent_statements_covered": 0.0, "percent_statements_covered_display": "0"}, "missing_lines": [77, 78, 80, 82, 83, 84], "excluded_lines": [], "start_line": 68}, "BaseRepository.get_all": {"executed_lines": [], "summary": {"covered_lines": 0, "num_statements": 10, "percent_covered": 0.0, "percent_covered_display": "0", "missing_lines": 10, "excluded_lines": 0, "percent_statements_covered": 0.0, "percent_statements_covered_display": "0"}, "missing_lines": [96, 97, 98, 100, 101, 102, 103, 105, 106, 108], "excluded_lines": [], "start_line": 86}, "BaseRepository.update": {"executed_lines": [], "summary": {"covered_lines": 0, "num_statements": 5, "percent_covered": 0.0, "percent_covered_display": "0", "missing_lines": 5, "excluded_lines": 0, "percent_statements_covered": 0.0, "percent_statements_covered_display": "0"}, "missing_lines": [119, 120, 122, 123, 125], "excluded_lines": [], "start_line": 110}, "BaseRepository.delete": {"executed_lines": [], "summary": {"covered_lines": 0, "num_statements": 1, "percent_covered": 0.0, "percent_covered_display": "0", "missing_lines": 1, "excluded_lines": 0, "percent_statements_covered": 0.0, "percent_statements_covered_display": "0"}, "missing_lines": [136], "excluded_lines": [], "start_line": 127}, "BaseRepository.delete_by_id": {"executed_lines": [], "summary": {"covered_lines": 0, "num_statements": 4, "percent_covered": 0.0, "percent_covered_display": "0", "missing_lines": 4, "excluded_lines": 0, "percent_statements_covered": 0.0, "percent_statements_covered_display": "0"}, "missing_lines": [147, 148, 150, 151], "excluded_lines": [], "start_line": 138}, "BaseRepository.count": {"executed_lines": [], "summary": {"covered_lines": 0, "num_statements": 5, "percent_covered": 0.0, "percent_covered_display": "0", "missing_lines": 5, "excluded_lines": 0, "percent_statements_covered": 0.0, "percent_statements_covered_display": "0"}, "missing_lines": [159, 160, 162, 163, 165], "excluded_lines": [], "start_line": 153}, "BaseRepository.exists": {"executed_lines": [], "summary": {"covered_lines": 0, "num_statements": 1, "percent_covered": 0.0, "percent_covered_display": "0", "missing_lines": 1, "excluded_lines": 0, "percent_statements_covered": 0.0, "percent_statements_covered_display": "0"}, "missing_lines": [176], "excluded_lines": [], "start_line": 167}, "BaseRepository.find_by": {"executed_lines": [187, 190, 191, 192, 194, 195, 196, 198, 200, 201, 203], "summary": {"covered_lines": 11, "num_statements": 12, "percent_covered": 91.66666666666667, "percent_covered_display": "92", "missing_lines": 1, "excluded_lines": 0, "percent_statements_covered": 91.66666666666667, "percent_statements_covered_display": "92"}, "missing_lines": [188], "excluded_lines": [], "start_line": 178}, "BaseRepository.find_one_by": {"executed_lines": [214, 215], "summary": {"covered_lines": 2, "num_statements": 2, "percent_covered": 100.0, "percent_covered_display": "100", "missing_lines": 0, "excluded_lines": 0, "percent_statements_covered": 100.0, "percent_statements_covered_display": "100"}, "missing_lines": [], "excluded_lines": [], "start_line": 205}, "BaseRepository.create_table": {"executed_lines": [], "summary": {"covered_lines": 0, "num_statements": 5, "percent_covered": 0.0, "percent_covered_display": "0", "missing_lines": 5, "excluded_lines": 0, "percent_statements_covered": 0.0, "percent_statements_covered_display": "0"}, "missing_lines": [219, 220, 222, 223, 224], "excluded_lines": [], "start_line": 217}, "BaseRepository.execute_custom_query": {"executed_lines": [], "summary": {"covered_lines": 0, "num_statements": 2, "percent_covered": 0.0, "percent_covered_display": "0", "missing_lines": 2, "excluded_lines": 0, "percent_statements_covered": 0.0, "percent_statements_covered_display": "0"}, "missing_lines": [236, 237], "excluded_lines": [], "start_line": 226}, "BaseRepository.execute_custom_update": {"executed_lines": [], "summary": {"covered_lines": 0, "num_statements": 2, "percent_covered": 0.0, "percent_covered_display": "0", "missing_lines": 2, "excluded_lines": 0, "percent_statements_covered": 0.0, "percent_statements_covered_display": "0"}, "missing_lines": [249, 250], "excluded_lines": [], "start_line": 239}, "": {"executed_lines": [8, 10, 12, 13, 15, 18, 25, 35, 45, 68, 86, 110, 127, 138, 153, 167, 178, 205, 217, 226, 239], "summary": {"covered_lines": 21, "num_statements": 21, "percent_covered": 100.0, "percent_covered_display": "100", "missing_lines": 0, "excluded_lines": 0, "percent_statements_covered": 100.0, "percent_statements_covered_display": "100"}, "missing_lines": [], "excluded_lines": [], "start_line": 1}}, "classes": {"BaseRepository": {"executed_lines": [32, 33, 41, 43, 54, 55, 57, 58, 59, 62, 65, 66, 187, 190, 191, 192, 194, 195, 196, 198, 200, 201, 203, 214, 215], "summary": {"covered_lines": 25, "num_statements": 69, "percent_covered": 36.231884057971016, "percent_covered_display": "36", "missing_lines": 44, "excluded_lines": 0, "percent_statements_covered": 36.231884057971016, "percent_statements_covered_display": "36"}, "missing_lines": [42, 63, 77, 78, 80, 82, 83, 84, 96, 97, 98, 100, 101, 102, 103, 105, 106, 108, 119, 120, 122, 123, 125, 136, 147, 148, 150, 151, 159, 160, 162, 163, 165, 176, 188, 219, 220, 222, 223, 224, 236, 237, 249, 250], "excluded_lines": [], "start_line": 18}, "": {"executed_lines": [8, 10, 12, 13, 15, 18, 25, 35, 45, 68, 86, 110, 127, 138, 153, 167, 178, 205, 217, 226, 239], "summary": {"covered_lines": 21, "num_statements": 21, "percent_covered": 100.0, "percent_covered_display": "100", "missing_lines": 0, "excluded_lines": 0, "percent_statements_covered": 100.0, "percent_statements_covered_display": "100"}, "missing_lines": [], "excluded_lines": [], "start_line": 1}}}, "src\\collector\\repositories\\file_repository.py": {"executed_lines": [7, 9, 11, 12, 15, 22, 24, 26, 35, 36, 38, 39, 40, 43, 44, 47, 49, 67, 87, 88, 93, 100, 102, 120, 131, 150, 164, 178, 192, 206, 224, 242, 258, 301, 316, 329, 347], "summary": {"covered_lines": 37, "num_statements": 115, "percent_covered": 32.17391304347826, "percent_covered_display": "32", "missing_lines": 78, "excluded_lines": 0, "percent_statements_covered": 32.17391304347826, "percent_statements_covered_display": "32"}, "missing_lines": [58, 59, 61, 63, 64, 65, 89, 91, 111, 117, 118, 129, 141, 147, 148, 159, 160, 162, 173, 174, 176, 187, 188, 190, 201, 202, 204, 216, 217, 218, 220, 221, 222, 234, 235, 236, 238, 239, 240, 251, 256, 264, 267, 273, 274, 275, 277, 278, 279, 283, 286, 287, 290, 296, 297, 299, 307, 313, 314, 322, 327, 338, 344, 345, 359, 360, 362, 363, 364, 366, 367, 368, 370, 371, 372, 374, 380, 381], "excluded_lines": [], "functions": {"FileRepository.__init__": {"executed_lines": [24], "summary": {"covered_lines": 1, "num_statements": 1, "percent_covered": 100.0, "percent_covered_display": "100", "missing_lines": 0, "excluded_lines": 0, "percent_statements_covered": 100.0, "percent_statements_covered_display": "100"}, "missing_lines": [], "excluded_lines": [], "start_line": 22}, "FileRepository.create": {"executed_lines": [35, 36, 38, 39, 40, 43, 44, 47], "summary": {"covered_lines": 8, "num_statements": 8, "percent_covered": 100.0, "percent_covered_display": "100", "missing_lines": 0, "excluded_lines": 0, "percent_statements_covered": 100.0, "percent_statements_covered_display": "100"}, "missing_lines": [], "excluded_lines": [], "start_line": 26}, "FileRepository.get_by_id_int": {"executed_lines": [], "summary": {"covered_lines": 0, "num_statements": 6, "percent_covered": 0.0, "percent_covered_display": "0", "missing_lines": 6, "excluded_lines": 0, "percent_statements_covered": 0.0, "percent_statements_covered_display": "0"}, "missing_lines": [58, 59, 61, 63, 64, 65], "excluded_lines": [], "start_line": 49}, "FileRepository.create_file": {"executed_lines": [87, 88, 93, 100], "summary": {"covered_lines": 4, "num_statements": 6, "percent_covered": 66.66666666666667, "percent_covered_display": "67", "missing_lines": 2, "excluded_lines": 0, "percent_statements_covered": 66.66666666666667, "percent_statements_covered_display": "67"}, "missing_lines": [89, 91], "excluded_lines": [], "start_line": 67}, "FileRepository.get_job_files": {"executed_lines": [], "summary": {"covered_lines": 0, "num_statements": 3, "percent_covered": 0.0, "percent_covered_display": "0", "missing_lines": 3, "excluded_lines": 0, "percent_statements_covered": 0.0, "percent_statements_covered_display": "0"}, "missing_lines": [111, 117, 118], "excluded_lines": [], "start_line": 102}, "FileRepository.get_files_by_type": {"executed_lines": [], "summary": {"covered_lines": 0, "num_statements": 1, "percent_covered": 0.0, "percent_covered_display": "0", "missing_lines": 1, "excluded_lines": 0, "percent_statements_covered": 0.0, "percent_statements_covered_display": "0"}, "missing_lines": [129], "excluded_lines": [], "start_line": 120}, "FileRepository.get_job_files_by_type": {"executed_lines": [], "summary": {"covered_lines": 0, "num_statements": 3, "percent_covered": 0.0, "percent_covered_display": "0", "missing_lines": 3, "excluded_lines": 0, "percent_statements_covered": 0.0, "percent_statements_covered_display": "0"}, "missing_lines": [141, 147, 148], "excluded_lines": [], "start_line": 131}, "FileRepository.get_video_files": {"executed_lines": [], "summary": {"covered_lines": 0, "num_statements": 3, "percent_covered": 0.0, "percent_covered_display": "0", "missing_lines": 3, "excluded_lines": 0, "percent_statements_covered": 0.0, "percent_statements_covered_display": "0"}, "missing_lines": [159, 160, 162], "excluded_lines": [], "start_line": 150}, "FileRepository.get_audio_files": {"executed_lines": [], "summary": {"covered_lines": 0, "num_statements": 3, "percent_covered": 0.0, "percent_covered_display": "0", "missing_lines": 3, "excluded_lines": 0, "percent_statements_covered": 0.0, "percent_statements_covered_display": "0"}, "missing_lines": [173, 174, 176], "excluded_lines": [], "start_line": 164}, "FileRepository.get_image_files": {"executed_lines": [], "summary": {"covered_lines": 0, "num_statements": 3, "percent_covered": 0.0, "percent_covered_display": "0", "missing_lines": 3, "excluded_lines": 0, "percent_statements_covered": 0.0, "percent_statements_covered_display": "0"}, "missing_lines": [187, 188, 190], "excluded_lines": [], "start_line": 178}, "FileRepository.get_metadata_files": {"executed_lines": [], "summary": {"covered_lines": 0, "num_statements": 3, "percent_covered": 0.0, "percent_covered_display": "0", "missing_lines": 3, "excluded_lines": 0, "percent_statements_covered": 0.0, "percent_statements_covered_display": "0"}, "missing_lines": [201, 202, 204], "excluded_lines": [], "start_line": 192}, "FileRepository.update_file_size": {"executed_lines": [], "summary": {"covered_lines": 0, "num_statements": 6, "percent_covered": 0.0, "percent_covered_display": "0", "missing_lines": 6, "excluded_lines": 0, "percent_statements_covered": 0.0, "percent_statements_covered_display": "0"}, "missing_lines": [216, 217, 218, 220, 221, 222], "excluded_lines": [], "start_line": 206}, "FileRepository.update_file_metadata": {"executed_lines": [], "summary": {"covered_lines": 0, "num_statements": 6, "percent_covered": 0.0, "percent_covered_display": "0", "missing_lines": 6, "excluded_lines": 0, "percent_statements_covered": 0.0, "percent_statements_covered_display": "0"}, "missing_lines": [234, 235, 236, 238, 239, 240], "excluded_lines": [], "start_line": 224}, "FileRepository.delete_job_files": {"executed_lines": [], "summary": {"covered_lines": 0, "num_statements": 2, "percent_covered": 0.0, "percent_covered_display": "0", "missing_lines": 2, "excluded_lines": 0, "percent_statements_covered": 0.0, "percent_statements_covered_display": "0"}, "missing_lines": [251, 256], "excluded_lines": [], "start_line": 242}, "FileRepository.get_file_statistics": {"executed_lines": [], "summary": {"covered_lines": 0, "num_statements": 15, "percent_covered": 0.0, "percent_covered_display": "0", "missing_lines": 15, "excluded_lines": 0, "percent_statements_covered": 0.0, "percent_statements_covered_display": "0"}, "missing_lines": [264, 267, 273, 274, 275, 277, 278, 279, 283, 286, 287, 290, 296, 297, 299], "excluded_lines": [], "start_line": 258}, "FileRepository.get_orphaned_files": {"executed_lines": [], "summary": {"covered_lines": 0, "num_statements": 3, "percent_covered": 0.0, "percent_covered_display": "0", "missing_lines": 3, "excluded_lines": 0, "percent_statements_covered": 0.0, "percent_statements_covered_display": "0"}, "missing_lines": [307, 313, 314], "excluded_lines": [], "start_line": 301}, "FileRepository.cleanup_orphaned_files": {"executed_lines": [], "summary": {"covered_lines": 0, "num_statements": 2, "percent_covered": 0.0, "percent_covered_display": "0", "missing_lines": 2, "excluded_lines": 0, "percent_statements_covered": 0.0, "percent_statements_covered_display": "0"}, "missing_lines": [322, 327], "excluded_lines": [], "start_line": 316}, "FileRepository.find_by_path_pattern": {"executed_lines": [], "summary": {"covered_lines": 0, "num_statements": 3, "percent_covered": 0.0, "percent_covered_display": "0", "missing_lines": 3, "excluded_lines": 0, "percent_statements_covered": 0.0, "percent_statements_covered_display": "0"}, "missing_lines": [338, 344, 345], "excluded_lines": [], "start_line": 329}, "FileRepository.get_files_by_size_range": {"executed_lines": [], "summary": {"covered_lines": 0, "num_statements": 14, "percent_covered": 0.0, "percent_covered_display": "0", "missing_lines": 14, "excluded_lines": 0, "percent_statements_covered": 0.0, "percent_statements_covered_display": "0"}, "missing_lines": [359, 360, 362, 363, 364, 366, 367, 368, 370, 371, 372, 374, 380, 381], "excluded_lines": [], "start_line": 347}, "": {"executed_lines": [7, 9, 11, 12, 15, 22, 26, 49, 67, 102, 120, 131, 150, 164, 178, 192, 206, 224, 242, 258, 301, 316, 329, 347], "summary": {"covered_lines": 24, "num_statements": 24, "percent_covered": 100.0, "percent_covered_display": "100", "missing_lines": 0, "excluded_lines": 0, "percent_statements_covered": 100.0, "percent_statements_covered_display": "100"}, "missing_lines": [], "excluded_lines": [], "start_line": 1}}, "classes": {"FileRepository": {"executed_lines": [24, 35, 36, 38, 39, 40, 43, 44, 47, 87, 88, 93, 100], "summary": {"covered_lines": 13, "num_statements": 91, "percent_covered": 14.285714285714286, "percent_covered_display": "14", "missing_lines": 78, "excluded_lines": 0, "percent_statements_covered": 14.285714285714286, "percent_statements_covered_display": "14"}, "missing_lines": [58, 59, 61, 63, 64, 65, 89, 91, 111, 117, 118, 129, 141, 147, 148, 159, 160, 162, 173, 174, 176, 187, 188, 190, 201, 202, 204, 216, 217, 218, 220, 221, 222, 234, 235, 236, 238, 239, 240, 251, 256, 264, 267, 273, 274, 275, 277, 278, 279, 283, 286, 287, 290, 296, 297, 299, 307, 313, 314, 322, 327, 338, 344, 345, 359, 360, 362, 363, 364, 366, 367, 368, 370, 371, 372, 374, 380, 381], "excluded_lines": [], "start_line": 15}, "": {"executed_lines": [7, 9, 11, 12, 15, 22, 26, 49, 67, 102, 120, 131, 150, 164, 178, 192, 206, 224, 242, 258, 301, 316, 329, 347], "summary": {"covered_lines": 24, "num_statements": 24, "percent_covered": 100.0, "percent_covered_display": "100", "missing_lines": 0, "excluded_lines": 0, "percent_statements_covered": 100.0, "percent_statements_covered_display": "100"}, "missing_lines": [], "excluded_lines": [], "start_line": 1}}}, "src\\collector\\repositories\\job_repository.py": {"executed_lines": [7, 9, 11, 12, 15, 22, 24, 26, 37, 38, 40, 82, 90, 101, 112, 130, 159, 181, 202, 219, 237, 254, 272, 305, 322], "summary": {"covered_lines": 25, "num_statements": 117, "percent_covered": 21.367521367521366, "percent_covered_display": "21", "missing_lines": 92, "excluded_lines": 0, "percent_statements_covered": 21.367521367521366, "percent_statements_covered_display": "21"}, "missing_lines": [51, 63, 64, 65, 67, 68, 69, 72, 73, 76, 79, 80, 88, 99, 110, 121, 127, 128, 139, 140, 141, 144, 150, 153, 155, 157, 170, 171, 172, 174, 175, 176, 178, 179, 194, 195, 196, 198, 199, 200, 211, 212, 213, 215, 216, 217, 229, 230, 231, 233, 234, 235, 246, 247, 248, 250, 251, 252, 264, 265, 266, 268, 269, 270, 278, 281, 287, 288, 289, 292, 295, 300, 301, 303, 314, 320, 332, 333, 335, 336, 337, 339, 340, 342, 343, 344, 345, 348, 349, 351, 353, 354], "excluded_lines": [], "functions": {"JobRepository.__init__": {"executed_lines": [24], "summary": {"covered_lines": 1, "num_statements": 1, "percent_covered": 100.0, "percent_covered_display": "100", "missing_lines": 0, "excluded_lines": 0, "percent_statements_covered": 100.0, "percent_statements_covered_display": "100"}, "missing_lines": [], "excluded_lines": [], "start_line": 22}, "JobRepository.create_job": {"executed_lines": [37, 38], "summary": {"covered_lines": 2, "num_statements": 2, "percent_covered": 100.0, "percent_covered_display": "100", "missing_lines": 0, "excluded_lines": 0, "percent_statements_covered": 100.0, "percent_statements_covered_display": "100"}, "missing_lines": [], "excluded_lines": [], "start_line": 26}, "JobRepository.update_job": {"executed_lines": [], "summary": {"covered_lines": 0, "num_statements": 12, "percent_covered": 0.0, "percent_covered_display": "0", "missing_lines": 12, "excluded_lines": 0, "percent_statements_covered": 0.0, "percent_statements_covered_display": "0"}, "missing_lines": [51, 63, 64, 65, 67, 68, 69, 72, 73, 76, 79, 80], "excluded_lines": [], "start_line": 40}, "JobRepository.get_active_jobs": {"executed_lines": [], "summary": {"covered_lines": 0, "num_statements": 1, "percent_covered": 0.0, "percent_covered_display": "0", "missing_lines": 1, "excluded_lines": 0, "percent_statements_covered": 0.0, "percent_statements_covered_display": "0"}, "missing_lines": [88], "excluded_lines": [], "start_line": 82}, "JobRepository.get_jobs_by_status": {"executed_lines": [], "summary": {"covered_lines": 0, "num_statements": 1, "percent_covered": 0.0, "percent_covered_display": "0", "missing_lines": 1, "excluded_lines": 0, "percent_statements_covered": 0.0, "percent_statements_covered_display": "0"}, "missing_lines": [99], "excluded_lines": [], "start_line": 90}, "JobRepository.get_jobs_by_platform": {"executed_lines": [], "summary": {"covered_lines": 0, "num_statements": 1, "percent_covered": 0.0, "percent_covered_display": "0", "missing_lines": 1, "excluded_lines": 0, "percent_statements_covered": 0.0, "percent_statements_covered_display": "0"}, "missing_lines": [110], "excluded_lines": [], "start_line": 101}, "JobRepository.get_recent_jobs": {"executed_lines": [], "summary": {"covered_lines": 0, "num_statements": 3, "percent_covered": 0.0, "percent_covered_display": "0", "missing_lines": 3, "excluded_lines": 0, "percent_statements_covered": 0.0, "percent_statements_covered_display": "0"}, "missing_lines": [121, 127, 128], "excluded_lines": [], "start_line": 112}, "JobRepository.get_job_with_files": {"executed_lines": [], "summary": {"covered_lines": 0, "num_statements": 8, "percent_covered": 0.0, "percent_covered_display": "0", "missing_lines": 8, "excluded_lines": 0, "percent_statements_covered": 0.0, "percent_statements_covered_display": "0"}, "missing_lines": [139, 140, 141, 144, 150, 153, 155, 157], "excluded_lines": [], "start_line": 130}, "JobRepository.update_job_status": {"executed_lines": [], "summary": {"covered_lines": 0, "num_statements": 8, "percent_covered": 0.0, "percent_covered_display": "0", "missing_lines": 8, "excluded_lines": 0, "percent_statements_covered": 0.0, "percent_statements_covered_display": "0"}, "missing_lines": [170, 171, 172, 174, 175, 176, 178, 179], "excluded_lines": [], "start_line": 159}, "JobRepository.update_job_progress": {"executed_lines": [], "summary": {"covered_lines": 0, "num_statements": 6, "percent_covered": 0.0, "percent_covered_display": "0", "missing_lines": 6, "excluded_lines": 0, "percent_statements_covered": 0.0, "percent_statements_covered_display": "0"}, "missing_lines": [194, 195, 196, 198, 199, 200], "excluded_lines": [], "start_line": 181}, "JobRepository.increment_job_retry": {"executed_lines": [], "summary": {"covered_lines": 0, "num_statements": 6, "percent_covered": 0.0, "percent_covered_display": "0", "missing_lines": 6, "excluded_lines": 0, "percent_statements_covered": 0.0, "percent_statements_covered_display": "0"}, "missing_lines": [211, 212, 213, 215, 216, 217], "excluded_lines": [], "start_line": 202}, "JobRepository.add_bytes_downloaded": {"executed_lines": [], "summary": {"covered_lines": 0, "num_statements": 6, "percent_covered": 0.0, "percent_covered_display": "0", "missing_lines": 6, "excluded_lines": 0, "percent_statements_covered": 0.0, "percent_statements_covered_display": "0"}, "missing_lines": [229, 230, 231, 233, 234, 235], "excluded_lines": [], "start_line": 219}, "JobRepository.complete_job": {"executed_lines": [], "summary": {"covered_lines": 0, "num_statements": 6, "percent_covered": 0.0, "percent_covered_display": "0", "missing_lines": 6, "excluded_lines": 0, "percent_statements_covered": 0.0, "percent_statements_covered_display": "0"}, "missing_lines": [246, 247, 248, 250, 251, 252], "excluded_lines": [], "start_line": 237}, "JobRepository.fail_job": {"executed_lines": [], "summary": {"covered_lines": 0, "num_statements": 6, "percent_covered": 0.0, "percent_covered_display": "0", "missing_lines": 6, "excluded_lines": 0, "percent_statements_covered": 0.0, "percent_statements_covered_display": "0"}, "missing_lines": [264, 265, 266, 268, 269, 270], "excluded_lines": [], "start_line": 254}, "JobRepository.get_job_statistics": {"executed_lines": [], "summary": {"covered_lines": 0, "num_statements": 10, "percent_covered": 0.0, "percent_covered_display": "0", "missing_lines": 10, "excluded_lines": 0, "percent_statements_covered": 0.0, "percent_statements_covered_display": "0"}, "missing_lines": [278, 281, 287, 288, 289, 292, 295, 300, 301, 303], "excluded_lines": [], "start_line": 272}, "JobRepository.cleanup_old_jobs": {"executed_lines": [], "summary": {"covered_lines": 0, "num_statements": 2, "percent_covered": 0.0, "percent_covered_display": "0", "missing_lines": 2, "excluded_lines": 0, "percent_statements_covered": 0.0, "percent_statements_covered_display": "0"}, "missing_lines": [314, 320], "excluded_lines": [], "start_line": 305}, "JobRepository.find_by": {"executed_lines": [], "summary": {"covered_lines": 0, "num_statements": 16, "percent_covered": 0.0, "percent_covered_display": "0", "missing_lines": 16, "excluded_lines": 0, "percent_statements_covered": 0.0, "percent_statements_covered_display": "0"}, "missing_lines": [332, 333, 335, 336, 337, 339, 340, 342, 343, 344, 345, 348, 349, 351, 353, 354], "excluded_lines": [], "start_line": 322}, "": {"executed_lines": [7, 9, 11, 12, 15, 22, 26, 40, 82, 90, 101, 112, 130, 159, 181, 202, 219, 237, 254, 272, 305, 322], "summary": {"covered_lines": 22, "num_statements": 22, "percent_covered": 100.0, "percent_covered_display": "100", "missing_lines": 0, "excluded_lines": 0, "percent_statements_covered": 100.0, "percent_statements_covered_display": "100"}, "missing_lines": [], "excluded_lines": [], "start_line": 1}}, "classes": {"JobRepository": {"executed_lines": [24, 37, 38], "summary": {"covered_lines": 3, "num_statements": 95, "percent_covered": 3.1578947368421053, "percent_covered_display": "3", "missing_lines": 92, "excluded_lines": 0, "percent_statements_covered": 3.1578947368421053, "percent_statements_covered_display": "3"}, "missing_lines": [51, 63, 64, 65, 67, 68, 69, 72, 73, 76, 79, 80, 88, 99, 110, 121, 127, 128, 139, 140, 141, 144, 150, 153, 155, 157, 170, 171, 172, 174, 175, 176, 178, 179, 194, 195, 196, 198, 199, 200, 211, 212, 213, 215, 216, 217, 229, 230, 231, 233, 234, 235, 246, 247, 248, 250, 251, 252, 264, 265, 266, 268, 269, 270, 278, 281, 287, 288, 289, 292, 295, 300, 301, 303, 314, 320, 332, 333, 335, 336, 337, 339, 340, 342, 343, 344, 345, 348, 349, 351, 353, 354], "excluded_lines": [], "start_line": 15}, "": {"executed_lines": [7, 9, 11, 12, 15, 22, 26, 40, 82, 90, 101, 112, 130, 159, 181, 202, 219, 237, 254, 272, 305, 322], "summary": {"covered_lines": 22, "num_statements": 22, "percent_covered": 100.0, "percent_covered_display": "100", "missing_lines": 0, "excluded_lines": 0, "percent_statements_covered": 100.0, "percent_statements_covered_display": "100"}, "missing_lines": [], "excluded_lines": [], "start_line": 1}}}, "src\\collector\\repositories\\settings_repository.py": {"executed_lines": [7, 9, 11, 12, 15, 22, 24, 26, 35, 37, 50, 66, 82, 98, 118, 138, 158, 178, 189, 198, 218, 235, 255, 277, 310, 321], "summary": {"covered_lines": 26, "num_statements": 104, "percent_covered": 25.0, "percent_covered_display": "25", "missing_lines": 78, "excluded_lines": 0, "percent_statements_covered": 25.0, "percent_statements_covered_display": "25"}, "missing_lines": [47, 48, 60, 61, 62, 64, 76, 77, 78, 80, 92, 93, 94, 96, 108, 110, 111, 112, 113, 115, 116, 128, 130, 131, 132, 134, 135, 136, 148, 150, 151, 152, 154, 155, 156, 168, 170, 171, 172, 174, 175, 176, 187, 195, 196, 207, 213, 214, 216, 227, 229, 230, 231, 233, 244, 245, 247, 248, 253, 264, 266, 267, 275, 289, 291, 293, 295, 298, 301, 302, 303, 305, 306, 308, 316, 318, 319, 327], "excluded_lines": [], "functions": {"SettingsRepository.__init__": {"executed_lines": [24], "summary": {"covered_lines": 1, "num_statements": 1, "percent_covered": 100.0, "percent_covered_display": "100", "missing_lines": 0, "excluded_lines": 0, "percent_statements_covered": 100.0, "percent_statements_covered_display": "100"}, "missing_lines": [], "excluded_lines": [], "start_line": 22}, "SettingsRepository.get_setting": {"executed_lines": [35], "summary": {"covered_lines": 1, "num_statements": 1, "percent_covered": 100.0, "percent_covered_display": "100", "missing_lines": 0, "excluded_lines": 0, "percent_statements_covered": 100.0, "percent_statements_covered_display": "100"}, "missing_lines": [], "excluded_lines": [], "start_line": 26}, "SettingsRepository.get_setting_value": {"executed_lines": [], "summary": {"covered_lines": 0, "num_statements": 2, "percent_covered": 0.0, "percent_covered_display": "0", "missing_lines": 2, "excluded_lines": 0, "percent_statements_covered": 0.0, "percent_statements_covered_display": "0"}, "missing_lines": [47, 48], "excluded_lines": [], "start_line": 37}, "SettingsRepository.get_setting_bool": {"executed_lines": [], "summary": {"covered_lines": 0, "num_statements": 4, "percent_covered": 0.0, "percent_covered_display": "0", "missing_lines": 4, "excluded_lines": 0, "percent_statements_covered": 0.0, "percent_statements_covered_display": "0"}, "missing_lines": [60, 61, 62, 64], "excluded_lines": [], "start_line": 50}, "SettingsRepository.get_setting_int": {"executed_lines": [], "summary": {"covered_lines": 0, "num_statements": 4, "percent_covered": 0.0, "percent_covered_display": "0", "missing_lines": 4, "excluded_lines": 0, "percent_statements_covered": 0.0, "percent_statements_covered_display": "0"}, "missing_lines": [76, 77, 78, 80], "excluded_lines": [], "start_line": 66}, "SettingsRepository.get_setting_float": {"executed_lines": [], "summary": {"covered_lines": 0, "
[...]
cent_statements_covered_display": "100"}, "missing_lines": [], "excluded_lines": [], "start_line": 1}}}, "src\\collector\\services\\scraper_service.py": {"executed_lines": [7, 9, 10, 11, 12, 13, 14, 16, 23, 24, 25, 29, 30, 31, 33, 39, 42, 45, 62, 63, 64, 65, 66, 68, 77, 78, 79, 81, 82, 83, 85, 87, 96, 97, 100, 101, 104, 105, 106, 108, 110, 120, 121, 123, 125, 134, 135, 136, 137, 139, 140, 143, 145, 146, 148, 151, 152, 159, 160, 161, 163, 164, 165, 166, 167, 169, 173, 181, 183, 184, 192, 193, 200, 202, 203, 204, 210, 212, 228, 231, 232, 237, 238, 245, 247, 256, 257, 259, 269, 270, 273, 275, 276, 278, 279, 280, 281, 284, 285, 286, 288], "summary": {"covered_lines": 101, "num_statements": 113, "percent_covered": 89.38053097345133, "percent_covered_display": "89", "missing_lines": 12, "excluded_lines": 0, "percent_statements_covered": 89.38053097345133, "percent_statements_covered_display": "89"}, "missing_lines": [34, 35, 36, 37, 149, 170, 171, 229, 271, 294, 295, 296], "excluded_lines": [], "functions": {"ScraperService.__init__": {"executed_lines": [62, 63, 64, 65, 66], "summary": {"covered_lines": 5, "num_statements": 5, "percent_covered": 100.0, "percent_covered_display": "100", "missing_lines": 0, "excluded_lines": 0, "percent_statements_covered": 100.0, "percent_statements_covered_display": "100"}, "missing_lines": [], "excluded_lines": [], "start_line": 45}, "ScraperService.detect_platform": {"executed_lines": [77, 78, 79, 81, 82, 83, 85], "summary": {"covered_lines": 7, "num_statements": 7, "percent_covered": 100.0, "percent_covered_display": "100", "missing_lines": 0, "excluded_lines": 0, "percent_statements_covered": 100.0, "percent_statements_covered_display": "100"}, "missing_lines": [], "excluded_lines": [], "start_line": 68}, "ScraperService.validate_url": {"executed_lines": [96, 97, 100, 101, 104, 105, 106, 108], "summary": {"covered_lines": 8, "num_statements": 8, "percent_covered": 100.0, "percent_covered_display": "100", "missing_lines": 0, "excluded_lines": 0, "percent_statements_covered": 100.0, "percent_statements_covered_display": "100"}, "missing_lines": [], "excluded_lines": [], "start_line": 87}, "ScraperService.make_progress_callback": {"executed_lines": [120, 123], "summary": {"covered_lines": 2, "num_statements": 2, "percent_covered": 100.0, "percent_covered_display": "100", "missing_lines": 0, "excluded_lines": 0, "percent_statements_covered": 100.0, "percent_statements_covered_display": "100"}, "missing_lines": [], "excluded_lines": [], "start_line": 110}, "ScraperService.make_progress_callback.callback": {"executed_lines": [121], "summary": {"covered_lines": 1, "num_statements": 1, "percent_covered": 100.0, "percent_covered_display": "100", "missing_lines": 0, "excluded_lines": 0, "percent_statements_covered": 100.0, "percent_statements_covered_display": "100"}, "missing_lines": [], "excluded_lines": [], "start_line": 120}, "ScraperService.execute_download": {"executed_lines": [134, 135, 136, 137, 139, 140, 143, 145, 146, 148, 151, 152, 159, 160, 161, 163, 164, 165, 166, 167, 169, 173, 181, 183, 184, 192, 193, 200, 202, 203, 204, 210], "summary": {"covered_lines": 32, "num_statements": 35, "percent_covered": 91.42857142857143, "percent_covered_display": "91", "missing_lines": 3, "excluded_lines": 0, "percent_statements_covered": 91.42857142857143, "percent_statements_covered_display": "91"}, "missing_lines": [149, 170, 171], "excluded_lines": [], "start_line": 125}, "ScraperService.get_scraper_for_platform": {"executed_lines": [228, 231, 232, 237, 238, 245], "summary": {"covered_lines": 6, "num_statements": 7, "percent_covered": 85.71428571428571, "percent_covered_display": "86", "missing_lines": 1, "excluded_lines": 0, "percent_statements_covered": 85.71428571428571, "percent_statements_covered_display": "86"}, "missing_lines": [229], "excluded_lines": [], "start_line": 212}, "ScraperService.extract_username_from_instagram_url": {"executed_lines": [256, 257], "summary": {"covered_lines": 2, "num_statements": 2, "percent_covered": 100.0, "percent_covered_display": "100", "missing_lines": 0, "excluded_lines": 0, "percent_statements_covered": 100.0, "percent_statements_covered_display": "100"}, "missing_lines": [], "excluded_lines": [], "start_line": 247}, "ScraperService.get_session_for_instagram_url": {"executed_lines": [269, 270, 273, 275, 276, 278, 279, 280, 281, 284, 285, 286, 288], "summary": {"covered_lines": 13, "num_statements": 17, "percent_covered": 76.47058823529412, "percent_covered_display": "76", "missing_lines": 4, "excluded_lines": 0, "percent_statements_covered": 76.47058823529412, "percent_statements_covered_display": "76"}, "missing_lines": [271, 294, 295, 296], "excluded_lines": [], "start_line": 259}, "": {"executed_lines": [7, 9, 10, 11, 12, 13, 14, 16, 23, 24, 25, 29, 30, 31, 33, 39, 42, 45, 68, 87, 110, 125, 212, 247, 259], "summary": {"covered_lines": 25, "num_statements": 29, "percent_covered": 86.20689655172414, "percent_covered_display": "86", "missing_lines": 4, "excluded_lines": 0, "percent_statements_covered": 86.20689655172414, "percent_statements_covered_display": "86"}, "missing_lines": [34, 35, 36, 37], "excluded_lines": [], "start_line": 1}}, "classes": {"ScraperService": {"executed_lines": [62, 63, 64, 65, 66, 77, 78, 79, 81, 82, 83, 85, 96, 97, 100, 101, 104, 105, 106, 108, 120, 121, 123, 134, 135, 136, 137, 139, 140, 143, 145, 146, 148, 151, 152, 159, 160, 161, 163, 164, 165, 166, 167, 169, 173, 181, 183, 184, 192, 193, 200, 202, 203, 204, 210, 228, 231, 232, 237, 238, 245, 256, 257, 269, 270, 273, 275, 276, 278, 279, 280, 281, 284, 285, 286, 288], "summary": {"covered_lines": 76, "num_statements": 84, "percent_covered": 90.47619047619048, "percent_covered_display": "90", "missing_lines": 8, "excluded_lines": 0, "percent_statements_covered": 90.47619047619048, "percent_statements_covered_display": "90"}, "missing_lines": [149, 170, 171, 229, 271, 294, 295, 296], "excluded_lines": [], "start_line": 42}, "": {"executed_lines": [7, 9, 10, 11, 12, 13, 14, 16, 23, 24, 25, 29, 30, 31, 33, 39, 42, 45, 68, 87, 110, 125, 212, 247, 259], "summary": {"covered_lines": 25, "num_statements": 29, "percent_covered": 86.20689655172414, "percent_covered_display": "86", "missing_lines": 4, "excluded_lines": 0, "percent_statements_covered": 86.20689655172414, "percent_statements_covered_display": "86"}, "missing_lines": [34, 35, 36, 37], "excluded_lines": [], "start_line": 1}}}, "src\\collector\\services\\session_manager.py": {"executed_lines": [7, 9, 10, 11, 12, 13, 14, 16, 18, 21, 24, 31, 32, 33, 34, 37, 38, 56, 71, 134, 163, 203, 231, 250, 264, 283], "summary": {"covered_lines": 26, "num_statements": 115, "percent_covered": 22.608695652173914, "percent_covered_display": "23", "missing_lines": 89, "excluded_lines": 0, "percent_statements_covered": 22.608695652173914, "percent_statements_covered_display": "23"}, "missing_lines": [40, 45, 47, 51, 53, 54, 65, 66, 69, 83, 85, 86, 87, 88, 89, 93, 94, 95, 97, 107, 108, 109, 118, 120, 121, 126, 128, 144, 147, 150, 153, 154, 156, 157, 159, 161, 172, 173, 174, 176, 177, 178, 180, 181, 182, 184, 186, 187, 190, 191, 193, 194, 196, 197, 198, 199, 200, 201, 209, 211, 212, 214, 217, 219, 226, 227, 229, 240, 241, 243, 244, 245, 246, 248, 260, 262, 274, 275, 276, 278, 292, 293, 294, 298, 299, 300, 301, 302, 303], "excluded_lines": [], "functions": {"SessionManager.__init__": {"executed_lines": [31, 32, 33, 34, 37, 38], "summary": {"covered_lines": 6, "num_statements": 12, "percent_covered": 50.0, "percent_covered_display": "50", "missing_lines": 6, "excluded_lines": 0, "percent_statements_covered": 50.0, "percent_statements_covered_display": "50"}, "missing_lines": [40, 45, 47, 51, 53, 54], "excluded_lines": [], "start_line": 24}, "SessionManager._get_cipher": {"executed_lines": [], "summary": {"covered_lines": 0, "num_statements": 3, "percent_covered": 0.0, "percent_covered_display": "0", "missing_lines": 3, "excluded_lines": 0, "percent_statements_covered": 0.0, "percent_statements_covered_display": "0"}, "missing_lines": [65, 66, 69], "excluded_lines": [], "start_line": 56}, "SessionManager.load_cookies_from_file": {"executed_lines": [], "summary": {"covered_lines": 0, "num_statements": 18, "percent_covered": 0.0, "percent_covered_display": "0", "missing_lines": 18, "excluded_lines": 0, "percent_statements_covered": 0.0, "percent_statements_covered_display": "0"}, "missing_lines": [83, 85, 86, 87, 88, 89, 93, 94, 95, 97, 107, 108, 109, 118, 120, 121, 126, 128], "excluded_lines": [], "start_line": 71}, "SessionManager.save_session": {"executed_lines": [], "summary": {"covered_lines": 0, "num_statements": 9, "percent_covered": 0.0, "percent_covered_display": "0", "missing_lines": 9, "excluded_lines": 0, "percent_statements_covered": 0.0, "percent_statements_covered_display": "0"}, "missing_lines": [144, 147, 150, 153, 154, 156, 157, 159, 161], "excluded_lines": [], "start_line": 134}, "SessionManager.load_session": {"executed_lines": [], "summary": {"covered_lines": 0, "num_statements": 22, "percent_covered": 0.0, "percent_covered_display": "0", "missing_lines": 22, "excluded_lines": 0, "percent_statements_covered": 0.0, "percent_statements_covered_display": "0"}, "missing_lines": [172, 173, 174, 176, 177, 178, 180, 181, 182, 184, 186, 187, 190, 191, 193, 194, 196, 197, 198, 199, 200, 201], "excluded_lines": [], "start_line": 163}, "SessionManager.list_sessions": {"executed_lines": [], "summary": {"covered_lines": 0, "num_statements": 9, "percent_covered": 0.0, "percent_covered_display": "0", "missing_lines": 9, "excluded_lines": 0, "percent_statements_covered": 0.0, "percent_statements_covered_display": "0"}, "missing_lines": [209, 211, 212, 214, 217, 219, 226, 227, 229], "excluded_lines": [], "start_line": 203}, "SessionManager.delete_session": {"executed_lines": [], "summary": {"covered_lines": 0, "num_statements": 7, "percent_covered": 0.0, "percent_covered_display": "0", "missing_lines": 7, "excluded_lines": 0, "percent_statements_covered": 0.0, "percent_statements_covered_display": "0"}, "missing_lines": [240, 241, 243, 244, 245, 246, 248], "excluded_lines": [], "start_line": 231}, "SessionManager._sanitize_username": {"executed_lines": [], "summary": {"covered_lines": 0, "num_statements": 2, "percent_covered": 0.0, "percent_covered_display": "0", "missing_lines": 2, "excluded_lines": 0, "percent_statements_covered": 0.0, "percent_statements_covered_display": "0"}, "missing_lines": [260, 262], "excluded_lines": [], "start_line": 250}, "SessionManager.cookies_to_session_dict": {"executed_lines": [], "summary": {"covered_lines": 0, "num_statements": 4, "percent_covered": 0.0, "percent_covered_display": "0", "missing_lines": 4, "excluded_lines": 0, "percent_statements_covered": 0.0, "percent_statements_covered_display": "0"}, "missing_lines": [274, 275, 276, 278], "excluded_lines": [], "start_line": 264}, "SessionManager.validate_session": {"executed_lines": [], "summary": {"covered_lines": 0, "num_statements": 9, "percent_covered": 0.0, "percent_covered_display": "0", "missing_lines": 9, "excluded_lines": 0, "percent_statements_covered": 0.0, "percent_statements_covered_display": "0"}, "missing_lines": [292, 293, 294, 298, 299, 300, 301, 302, 303], "excluded_lines": [], "start_line": 283}, "": {"executed_lines": [7, 9, 10, 11, 12, 13, 14, 16, 18, 21, 24, 56, 71, 134, 163, 203, 231, 250, 264, 283], "summary": {"covered_lines": 20, "num_statements": 20, "percent_covered": 100.0, "percent_covered_display": "100", "missing_lines": 0, "excluded_lines": 0, "percent_statements_covered": 100.0, "percent_statements_covered_display": "100"}, "missing_lines": [], "excluded_lines": [], "start_line": 1}}, "classes": {"SessionManager": {"executed_lines": [31, 32, 33, 34, 37, 38], "summary": {"covered_lines": 6, "num_statements": 95, "percent_covered": 6.315789473684211, "percent_covered_display": "6", "missing_lines": 89, "excluded_lines": 0, "percent_statements_covered": 6.315789473684211, "percent_statements_covered_display": "6"}, "missing_lines": [40, 45, 47, 51, 53, 54, 65, 66, 69, 83, 85, 86, 87, 88, 89, 93, 94, 95, 97, 107, 108, 109, 118, 120, 121, 126, 128, 144, 147, 150, 153, 154, 156, 157, 159, 161, 172, 173, 174, 176, 177, 178, 180, 181, 182, 184, 186, 187, 190, 191, 193, 194, 196, 197, 198, 199, 200, 201, 209, 211, 212, 214, 217, 219, 226, 227, 229, 240, 241, 243, 244, 245, 246, 248, 260, 262, 274, 275, 276, 278, 292, 293, 294, 298, 299, 300, 301, 302, 303], "excluded_lines": [], "start_line": 21}, "": {"executed_lines": [7, 9, 10, 11, 12, 13, 14, 16, 18, 21, 24, 56, 71, 134, 163, 203, 231, 250, 264, 283], "summary": {"covered_lines": 20, "num_statements": 20, "percent_covered": 100.0, "percent_covered_display": "100", "missing_lines": 0, "excluded_lines": 0, "percent_statements_covered": 100.0, "percent_statements_covered_display": "100"}, "missing_lines": [], "excluded_lines": [], "start_line": 1}}}, "src\\collector\\services\\session_service.py": {"executed_lines": [7, 9, 10, 11, 12, 13, 15, 17, 18, 20, 23, 26, 37, 38, 40, 41, 42, 43, 46, 47, 49, 51, 61, 62, 64, 65, 67, 69, 70, 71, 74, 77, 78, 79, 81, 82, 84, 89, 94, 97, 99, 100, 107, 108, 109, 114, 123, 124, 126, 127, 128, 129, 131, 137, 146, 147, 149, 150, 151, 161, 167, 168, 170, 171, 172, 178, 187, 188, 190, 191, 192, 193, 195, 201, 207, 209, 210, 211, 214, 215, 216, 217, 218, 220, 231, 240, 241, 242, 243, 245, 254, 255, 257, 259, 268, 271, 272, 273, 275, 276, 278, 279, 282, 284, 287, 288, 290], "summary": {"covered_lines": 107, "num_statements": 127, "percent_covered": 84.25196850393701, "percent_covered_display": "84", "missing_lines": 20, "excluded_lines": 0, "percent_statements_covered": 84.25196850393701, "percent_statements_covered_display": "84"}, "missing_lines": [86, 110, 111, 112, 133, 134, 135, 157, 158, 159, 174, 175, 176, 197, 198, 199, 227, 228, 229, 285], "excluded_lines": [], "functions": {"SessionService.__init__": {"executed_lines": [37, 38, 40, 41, 42, 43, 46, 47, 49], "summary": {"covered_lines": 9, "num_statements": 9, "percent_covered": 100.0, "percent_covered_display": "100", "missing_lines": 0, "excluded_lines": 0, "percent_statements_covered": 100.0, "percent_statements_covered_display": "100"}, "missing_lines": [], "excluded_lines": [], "start_line": 26}, "SessionService.upload_session": {"executed_lines": [61, 62, 64, 65, 67, 69, 70, 71, 74, 77, 78, 79, 81, 82, 84, 89, 94, 97, 99, 100, 107, 108, 109], "summary": {"covered_lines": 23, "num_statements": 27, "percent_covered": 85.18518518518519, "percent_covered_display": "85", "missing_lines": 4, "excluded_lines": 0, "percent_statements_covered": 85.18518518518519, "percent_statements_covered_display": "85"}, "missing_lines": [86, 110, 111, 112], "excluded_lines": [], "start_line": 51}, "SessionService.load_session": {"executed_lines": [123, 124, 126, 127, 128, 129, 131], "summary": {"covered_lines": 7, "num_statements": 10, "percent_covered": 70.0, "percent_covered_display": "70", "missing_lines": 3, "excluded_lines": 0, "percent_statements_covered": 70.0, "percent_statements_covered_display": "70"}, "missing_lines": [133, 134, 135], "excluded_lines": [], "start_line": 114}, "SessionService.validate_session": {"executed_lines": [146, 147, 149, 150, 151], "summary": {"covered_lines": 5, "num_statements": 8, "percent_covered": 62.5, "percent_covered_display": "62", "missing_lines": 3, "excluded_lines": 0, "percent_statements_covered": 62.5, "percent_statements_covered_display": "62"}, "missing_lines": [157, 158, 159], "excluded_lines": [], "start_line": 137}, "SessionService.list_sessions": {"executed_lines": [167, 168, 170, 171, 172], "summary": {"covered_lines": 5, "num_statements": 8, "percent_covered": 62.5, "percent_covered_display": "62", "missing_lines": 3, "excluded_lines": 0, "percent_statements_covered": 62.5, "percent_statements_covered_display": "62"}, "missing_lines": [174, 175, 176], "excluded_lines": [], "start_line": 161}, "SessionService.delete_session": {"executed_lines": [187, 188, 190, 191, 192, 193, 195], "summary": {"covered_lines": 7, "num_statements": 10, "percent_covered": 70.0, "percent_covered_display": "70", "missing_lines": 3, "excluded_lines": 0, "percent_statements_covered": 70.0, "percent_statements_covered_display": "70"}, "missing_lines": [197, 198, 199], "excluded_lines": [], "start_line": 178}, "SessionService.get_config_status": {"executed_lines": [207, 209, 210, 211, 214, 215, 216, 217, 218, 220], "summary": {"covered_lines": 10, "num_statements": 13, "percent_covered": 76.92307692307692, "percent_covered_display": "77", "missing_lines": 3, "excluded_lines": 0, "percent_statements_covered": 76.92307692307692, "percent_statements_covered_display": "77"}, "missing_lines": [227, 228, 229], "excluded_lines": [], "start_line": 201}, "SessionService.extract_username_from_cookies": {"executed_lines": [240, 241, 242, 243], "summary": {"covered_lines": 4, "num_statements": 4, "percent_covered": 100.0, "percent_covered_display": "100", "missing_lines": 0, "excluded_lines": 0, "percent_statements_covered": 100.0, "percent_statements_covered_display": "100"}, "missing_lines": [], "excluded_lines": [], "start_line": 231}, "SessionService.cookies_to_session_dict": {"executed_lines": [254, 255, 257], "summary": {"covered_lines": 3, "num_statements": 3, "percent_covered": 100.0, "percent_covered_display": "100", "missing_lines": 0, "excluded_lines": 0, "percent_statements_covered": 100.0, "percent_statements_covered_display": "100"}, "missing_lines": [], "excluded_lines": [], "start_line": 245}, "SessionService.get_session_for_url": {"executed_lines": [268, 271, 272, 273, 275, 276, 278, 279, 282, 284, 287, 288, 290], "summary": {"covered_lines": 13, "num_statements": 14, "percent_covered": 92.85714285714286, "percent_covered_display": "93", "missing_lines": 1, "excluded_lines": 0, "percent_statements_covered": 92.85714285714286, "percent_statements_covered_display": "93"}, "missing_lines": [285], "excluded_lines": [], "start_line": 259}, "": {"executed_lines": [7, 9, 10, 11, 12, 13, 15, 17, 18, 20, 23, 26, 51, 114, 137, 161, 178, 201, 231, 245, 259], "summary": {"covered_lines": 21, "num_statements": 21, "percent_covered": 100.0, "percent_covered_display": "100", "missing_lines": 0, "excluded_lines": 0, "percent_statements_covered": 100.0, "percent_statements_covered_display": "100"}, "missing_lines": [], "excluded_lines": [], "start_line": 1}}, "classes": {"SessionService": {"executed_lines": [37, 38, 40, 41, 42, 43, 46, 47, 49, 61, 62, 64, 65, 67, 69, 70, 71, 74, 77, 78, 79, 81, 82, 84, 89, 94, 97, 99, 100, 107, 108, 109, 123, 124, 126, 127, 128, 129, 131, 146, 147, 149, 150, 151, 167, 168, 170, 171, 172, 187, 188, 190, 191, 192, 193, 195, 207, 209, 210, 211, 214, 215, 216, 217, 218, 220, 240, 241, 242, 243, 254, 255, 257, 268, 271, 272, 273, 275, 276, 278, 279, 282, 284, 287, 288, 290], "summary": {"covered_lines": 86, "num_statements": 106, "percent_covered": 81.13207547169812, "percent_covered_display": "81", "missing_lines": 20, "excluded_lines": 0, "percent_statements_covered": 81.13207547169812, "percent_statements_covered_display": "81"}, "missing_lines": [86, 110, 111, 112, 133, 134, 135, 157, 158, 159, 174, 175, 176, 197, 198, 199, 227, 228, 229, 285], "excluded_lines": [], "start_line": 23}, "": {"executed_lines": [7, 9, 10, 11, 12, 13, 15, 17, 18, 20, 23, 26, 51, 114, 137, 161, 178, 201, 231, 245, 259], "summary": {"covered_lines": 21, "num_statements": 21, "percent_covered": 100.0, "percent_covered_display": "100", "missing_lines": 0, "excluded_lines": 0, "percent_statements_covered": 100.0, "percent_statements_covered_display": "100"}, "missing_lines": [], "excluded_lines": [], "start_line": 1}}}}, "totals": {"covered_lines": 1332, "num_statements": 2491, "percent_covered": 53.472501003613004, "percent_covered_display": "53", "missing_lines": 1159, "excluded_lines": 3, "percent_statements_covered": 53.472501003613004, "percent_statements_covered_display": "53"}}